TN:
SF:/home/taha/Documents/tsk-linux/sleuthkit/test/.libs/lt-catch_runner.c
FN:175,328,main
FN:331,338,xmalloc
FN:341,345,xstrdup
FN:348,362,base_name
FN:365,379,check_executable
FN:382,397,make_executable
FN:404,506,find_executable
FN:509,565,chase_symlinks
FN:568,585,strendzap
FN:588,598,lt_debugprintf
FN:601,611,lt_error_core
FN:614,620,lt_fatal
FN:623,626,nonnull
FN:629,632,nonempty
FN:635,655,lt_setenv
FN:658,682,lt_extend_str
FN:685,703,lt_update_exe_path
FN:706,718,lt_update_lib_path
FN:747,832,prepare_spawn
FN:833,1046,lt_dump_script
FNDA:3,main
FNDA:48,xmalloc
FNDA:18,xstrdup
FNDA:9,base_name
FNDA:3,check_executable
FNDA:0,make_executable
FNDA:3,find_executable
FNDA:3,chase_symlinks
FNDA:9,strendzap
FNDA:45,lt_debugprintf
FNDA:0,lt_error_core
FNDA:0,lt_fatal
FNDA:42,nonnull
FNDA:6,nonempty
FNDA:9,lt_setenv
FNDA:12,lt_extend_str
FNDA:3,lt_update_exe_path
FNDA:3,lt_update_lib_path
FNDA:3,prepare_spawn
FNDA:0,lt_dump_script
FNF:20
FNH:16
DA:175,3
DA:184,3
DA:188,3
DA:189,3
DA:195,3
DA:196,3
DA:198,0
DA:200,0
DA:201,0
DA:202,0
DA:204,0
DA:206,0
DA:207,0
DA:209,0
DA:220,0
DA:222,0
DA:225,0
DA:227,3
DA:230,3
DA:231,3
DA:232,3
DA:234,3
DA:235,3
DA:236,0
DA:237,3
DA:241,3
DA:242,3
DA:245,3
DA:247,3
DA:248,3
DA:251,3
DA:252,3
DA:253,3
DA:254,3
DA:255,3
DA:258,3
DA:259,3
DA:260,3
DA:261,3
DA:262,3
DA:263,3
DA:265,3
DA:268,3
DA:269,3
DA:271,3
DA:272,3
DA:273,3
DA:275,3
DA:278,3
DA:281,3
DA:282,3
DA:283,3
DA:286,24
DA:288,21
DA:290,24
DA:292,21
DA:295,3
DA:296,3
DA:297,3
DA:299,3
DA:300,3
DA:305,3
DA:306,3
DA:308,3
DA:310,6
DA:312,3
DA:313,3
DA:317,3
DA:318,3
DA:319,3
DA:322,0
DA:324,0
DA:325,0
DA:327,3
DA:331,48
DA:333,48
DA:334,48
DA:335,0
DA:337,48
DA:341,18
DA:343,18
DA:344,36
DA:348,9
DA:354,9
DA:355,6
DA:358,429
DA:359,420
DA:360,42
DA:361,9
DA:365,3
DA:369,3
DA:371,3
DA:372,0
DA:374,3
DA:375,3
DA:376,3
DA:378,0
DA:382,0
DA:384,0
DA:387,0
DA:389,0
DA:390,0
DA:392,0
DA:394,0
DA:396,0
DA:404,3
DA:406,3
DA:414,3
DA:417,3
DA:418,0
DA:422,3
DA:424,3
DA:425,3
DA:426,3
DA:427,0
DA:432,0
DA:434,0
DA:435,0
DA:436,0
DA:437,0
DA:443,0
DA:444,0
DA:446,0
DA:447,0
DA:449,0
DA:452,0
DA:453,0
DA:455,0
DA:459,0
DA:460,0
DA:461,0
DA:462,0
DA:463,0
DA:464,0
DA:467,0
DA:468,0
DA:469,0
DA:470,0
DA:472,0
DA:473,0
DA:474,0
DA:475,0
DA:480,0
DA:481,0
DA:482,0
DA:483,0
DA:485,0
DA:486,0
DA:487,0
DA:493,0
DA:494,0
DA:495,0
DA:496,0
DA:497,0
DA:498,0
DA:499,0
DA:500,0
DA:502,0
DA:503,0
DA:504,0
DA:505,0
DA:509,3
DA:512,3
DA:568,9
DA:572,9
DA:573,9
DA:575,9
DA:576,9
DA:578,9
DA:580,9
DA:581,9
DA:582,9
DA:584,9
DA:588,45
DA:591,45
DA:593,0
DA:594,0
DA:595,0
DA:596,0
DA:598,45
DA:601,0
DA:605,0
DA:606,0
DA:607,0
DA:609,0
DA:610,0
DA:611,0
DA:614,0
DA:617,0
DA:618,0
DA:619,0
DA:620,0
DA:623,42
DA:625,42
DA:629,6
DA:631,6
DA:635,9
DA:637,9
DA:646,9
DA:647,9
DA:648,9
DA:649,9
DA:651,0
DA:655,9
DA:658,12
DA:661,12
DA:662,12
DA:663,12
DA:664,12
DA:665,12
DA:666,12
DA:668,9
DA:669,9
DA:673,3
DA:674,3
DA:679,0
DA:681,12
DA:685,3
DA:687,3
DA:691,3
DA:693,3
DA:695,3
DA:696,3
DA:698,0
DA:700,3
DA:701,3
DA:703,3
DA:706,3
DA:708,3
DA:712,3
DA:714,0
DA:715,0
DA:716,0
DA:718,3
DA:747,3
DA:754,6
DA:758,3
DA:761,6
DA:763,3
DA:765,3
DA:766,0
DA:767,3
DA:769,0
DA:776,0
DA:777,0
DA:778,0
DA:779,0
DA:780,0
DA:782,0
DA:783,0
DA:784,0
DA:785,0
DA:786,0
DA:787,0
DA:789,0
DA:791,0
DA:792,0
DA:794,0
DA:796,0
DA:797,0
DA:798,0
DA:799,0
DA:800,0
DA:802,0
DA:803,0
DA:806,0
DA:807,0
DA:809,0
DA:810,0
DA:811,0
DA:813,0
DA:815,0
DA:818,0
DA:819,0
DA:820,0
DA:822,0
DA:824,0
DA:827,3
DA:829,3
DA:831,3
DA:833,0
DA:835,0
DA:836,0
DA:837,0
DA:838,0
DA:839,0
DA:840,0
DA:841,0
DA:842,0
DA:843,0
DA:844,0
DA:845,0
DA:846,0
DA:847,0
DA:848,0
DA:849,0
DA:850,0
DA:851,0
DA:852,0
DA:853,0
DA:854,0
DA:855,0
DA:856,0
DA:857,0
DA:858,0
DA:859,0
DA:860,0
DA:861,0
DA:862,0
DA:863,0
DA:864,0
DA:865,0
DA:866,0
DA:867,0
DA:868,0
DA:869,0
DA:870,0
DA:871,0
DA:872,0
DA:873,0
DA:874,0
DA:875,0
DA:876,0
DA:877,0
DA:878,0
DA:879,0
DA:880,0
DA:881,0
DA:882,0
DA:883,0
DA:884,0
DA:885,0
DA:886,0
DA:887,0
DA:888,0
DA:889,0
DA:890,0
DA:891,0
DA:892,0
DA:893,0
DA:894,0
DA:895,0
DA:896,0
DA:897,0
DA:898,0
DA:899,0
DA:900,0
DA:901,0
DA:902,0
DA:903,0
DA:904,0
DA:905,0
DA:906,0
DA:907,0
DA:908,0
DA:909,0
DA:910,0
DA:911,0
DA:912,0
DA:913,0
DA:914,0
DA:915,0
DA:916,0
DA:917,0
DA:918,0
DA:919,0
DA:920,0
DA:921,0
DA:922,0
DA:923,0
DA:924,0
DA:925,0
DA:926,0
DA:927,0
DA:928,0
DA:929,0
DA:930,0
DA:931,0
DA:932,0
DA:933,0
DA:934,0
DA:935,0
DA:936,0
DA:937,0
DA:938,0
DA:939,0
DA:940,0
DA:941,0
DA:942,0
DA:943,0
DA:944,0
DA:945,0
DA:946,0
DA:947,0
DA:948,0
DA:949,0
DA:950,0
DA:951,0
DA:952,0
DA:953,0
DA:954,0
DA:955,0
DA:956,0
DA:957,0
DA:958,0
DA:959,0
DA:960,0
DA:961,0
DA:962,0
DA:963,0
DA:964,0
DA:965,0
DA:966,0
DA:967,0
DA:968,0
DA:969,0
DA:970,0
DA:971,0
DA:972,0
DA:973,0
DA:974,0
DA:975,0
DA:976,0
DA:977,0
DA:978,0
DA:979,0
DA:980,0
DA:981,0
DA:982,0
DA:983,0
DA:984,0
DA:985,0
DA:986,0
DA:987,0
DA:988,0
DA:989,0
DA:990,0
DA:991,0
DA:992,0
DA:993,0
DA:994,0
DA:995,0
DA:996,0
DA:997,0
DA:998,0
DA:999,0
DA:1000,0
DA:1001,0
DA:1002,0
DA:1003,0
DA:1004,0
DA:1005,0
DA:1006,0
DA:1007,0
DA:1008,0
DA:1009,0
DA:1010,0
DA:1011,0
DA:1012,0
DA:1013,0
DA:1014,0
DA:1015,0
DA:1016,0
DA:1017,0
DA:1018,0
DA:1019,0
DA:1020,0
DA:1021,0
DA:1022,0
DA:1023,0
DA:1024,0
DA:1025,0
DA:1026,0
DA:1027,0
DA:1028,0
DA:1029,0
DA:1030,0
DA:1031,0
DA:1032,0
DA:1033,0
DA:1034,0
DA:1035,0
DA:1036,0
DA:1037,0
DA:1038,0
DA:1039,0
DA:1040,0
DA:1041,0
DA:1042,0
DA:1043,0
DA:1044,0
DA:1045,0
DA:1046,0
LF:493
LH:148
end_of_record
TN:
SF:/home/taha/Documents/tsk-linux/sleuthkit/test/fiwalk/.libs/lt-fiwalk_test.c
FN:175,328,main
FN:331,338,xmalloc
FN:341,345,xstrdup
FN:348,362,base_name
FN:365,379,check_executable
FN:382,397,make_executable
FN:404,506,find_executable
FN:509,565,chase_symlinks
FN:568,585,strendzap
FN:588,598,lt_debugprintf
FN:601,611,lt_error_core
FN:614,620,lt_fatal
FN:623,626,nonnull
FN:629,632,nonempty
FN:635,655,lt_setenv
FN:658,682,lt_extend_str
FN:685,703,lt_update_exe_path
FN:706,718,lt_update_lib_path
FN:747,832,prepare_spawn
FN:833,1046,lt_dump_script
FNDA:3,main
FNDA:48,xmalloc
FNDA:18,xstrdup
FNDA:9,base_name
FNDA:3,check_executable
FNDA:0,make_executable
FNDA:3,find_executable
FNDA:3,chase_symlinks
FNDA:9,strendzap
FNDA:45,lt_debugprintf
FNDA:0,lt_error_core
FNDA:0,lt_fatal
FNDA:42,nonnull
FNDA:6,nonempty
FNDA:9,lt_setenv
FNDA:12,lt_extend_str
FNDA:3,lt_update_exe_path
FNDA:3,lt_update_lib_path
FNDA:3,prepare_spawn
FNDA:0,lt_dump_script
FNF:20
FNH:16
DA:175,3
DA:184,3
DA:188,3
DA:189,3
DA:195,3
DA:196,3
DA:198,0
DA:200,0
DA:201,0
DA:202,0
DA:204,0
DA:206,0
DA:207,0
DA:209,0
DA:220,0
DA:222,0
DA:225,0
DA:227,3
DA:230,3
DA:231,3
DA:232,3
DA:234,3
DA:235,3
DA:236,0
DA:237,3
DA:241,3
DA:242,3
DA:245,3
DA:247,3
DA:248,3
DA:251,3
DA:252,3
DA:253,3
DA:254,3
DA:255,3
DA:258,3
DA:259,3
DA:260,3
DA:261,3
DA:262,3
DA:263,3
DA:265,3
DA:268,3
DA:269,3
DA:271,3
DA:272,3
DA:273,3
DA:275,3
DA:278,3
DA:281,3
DA:282,3
DA:283,3
DA:286,27
DA:288,24
DA:290,27
DA:292,24
DA:295,3
DA:296,3
DA:297,3
DA:299,3
DA:300,3
DA:305,3
DA:306,3
DA:308,3
DA:310,6
DA:312,3
DA:313,3
DA:317,3
DA:318,3
DA:319,3
DA:322,0
DA:324,0
DA:325,0
DA:327,3
DA:331,48
DA:333,48
DA:334,48
DA:335,0
DA:337,48
DA:341,18
DA:343,18
DA:344,36
DA:348,9
DA:354,9
DA:355,6
DA:358,462
DA:359,453
DA:360,48
DA:361,9
DA:365,3
DA:369,3
DA:371,3
DA:372,0
DA:374,3
DA:375,3
DA:376,3
DA:378,0
DA:382,0
DA:384,0
DA:387,0
DA:389,0
DA:390,0
DA:392,0
DA:394,0
DA:396,0
DA:404,3
DA:406,3
DA:414,3
DA:417,3
DA:418,0
DA:422,3
DA:424,3
DA:425,3
DA:426,3
DA:427,0
DA:432,0
DA:434,0
DA:435,0
DA:436,0
DA:437,0
DA:443,0
DA:444,0
DA:446,0
DA:447,0
DA:449,0
DA:452,0
DA:453,0
DA:455,0
DA:459,0
DA:460,0
DA:461,0
DA:462,0
DA:463,0
DA:464,0
DA:467,0
DA:468,0
DA:469,0
DA:470,0
DA:472,0
DA:473,0
DA:474,0
DA:475,0
DA:480,0
DA:481,0
DA:482,0
DA:483,0
DA:485,0
DA:486,0
DA:487,0
DA:493,0
DA:494,0
DA:495,0
DA:496,0
DA:497,0
DA:498,0
DA:499,0
DA:500,0
DA:502,0
DA:503,0
DA:504,0
DA:505,0
DA:509,3
DA:512,3
DA:568,9
DA:572,9
DA:573,9
DA:575,9
DA:576,9
DA:578,9
DA:580,9
DA:581,9
DA:582,9
DA:584,9
DA:588,45
DA:591,45
DA:593,0
DA:594,0
DA:595,0
DA:596,0
DA:598,45
DA:601,0
DA:605,0
DA:606,0
DA:607,0
DA:609,0
DA:610,0
DA:611,0
DA:614,0
DA:617,0
DA:618,0
DA:619,0
DA:620,0
DA:623,42
DA:625,42
DA:629,6
DA:631,6
DA:635,9
DA:637,9
DA:646,9
DA:647,9
DA:648,9
DA:649,9
DA:651,0
DA:655,9
DA:658,12
DA:661,12
DA:662,12
DA:663,12
DA:664,12
DA:665,12
DA:666,12
DA:668,9
DA:669,9
DA:673,3
DA:674,3
DA:679,0
DA:681,12
DA:685,3
DA:687,3
DA:691,3
DA:693,3
DA:695,3
DA:696,3
DA:698,0
DA:700,3
DA:701,3
DA:703,3
DA:706,3
DA:708,3
DA:712,3
DA:714,0
DA:715,0
DA:716,0
DA:718,3
DA:747,3
DA:754,6
DA:758,3
DA:761,6
DA:763,3
DA:765,3
DA:766,0
DA:767,3
DA:769,0
DA:776,0
DA:777,0
DA:778,0
DA:779,0
DA:780,0
DA:782,0
DA:783,0
DA:784,0
DA:785,0
DA:786,0
DA:787,0
DA:789,0
DA:791,0
DA:792,0
DA:794,0
DA:796,0
DA:797,0
DA:798,0
DA:799,0
DA:800,0
DA:802,0
DA:803,0
DA:806,0
DA:807,0
DA:809,0
DA:810,0
DA:811,0
DA:813,0
DA:815,0
DA:818,0
DA:819,0
DA:820,0
DA:822,0
DA:824,0
DA:827,3
DA:829,3
DA:831,3
DA:833,0
DA:835,0
DA:836,0
DA:837,0
DA:838,0
DA:839,0
DA:840,0
DA:841,0
DA:842,0
DA:843,0
DA:844,0
DA:845,0
DA:846,0
DA:847,0
DA:848,0
DA:849,0
DA:850,0
DA:851,0
DA:852,0
DA:853,0
DA:854,0
DA:855,0
DA:856,0
DA:857,0
DA:858,0
DA:859,0
DA:860,0
DA:861,0
DA:862,0
DA:863,0
DA:864,0
DA:865,0
DA:866,0
DA:867,0
DA:868,0
DA:869,0
DA:870,0
DA:871,0
DA:872,0
DA:873,0
DA:874,0
DA:875,0
DA:876,0
DA:877,0
DA:878,0
DA:879,0
DA:880,0
DA:881,0
DA:882,0
DA:883,0
DA:884,0
DA:885,0
DA:886,0
DA:887,0
DA:888,0
DA:889,0
DA:890,0
DA:891,0
DA:892,0
DA:893,0
DA:894,0
DA:895,0
DA:896,0
DA:897,0
DA:898,0
DA:899,0
DA:900,0
DA:901,0
DA:902,0
DA:903,0
DA:904,0
DA:905,0
DA:906,0
DA:907,0
DA:908,0
DA:909,0
DA:910,0
DA:911,0
DA:912,0
DA:913,0
DA:914,0
DA:915,0
DA:916,0
DA:917,0
DA:918,0
DA:919,0
DA:920,0
DA:921,0
DA:922,0
DA:923,0
DA:924,0
DA:925,0
DA:926,0
DA:927,0
DA:928,0
DA:929,0
DA:930,0
DA:931,0
DA:932,0
DA:933,0
DA:934,0
DA:935,0
DA:936,0
DA:937,0
DA:938,0
DA:939,0
DA:940,0
DA:941,0
DA:942,0
DA:943,0
DA:944,0
DA:945,0
DA:946,0
DA:947,0
DA:948,0
DA:949,0
DA:950,0
DA:951,0
DA:952,0
DA:953,0
DA:954,0
DA:955,0
DA:956,0
DA:957,0
DA:958,0
DA:959,0
DA:960,0
DA:961,0
DA:962,0
DA:963,0
DA:964,0
DA:965,0
DA:966,0
DA:967,0
DA:968,0
DA:969,0
DA:970,0
DA:971,0
DA:972,0
DA:973,0
DA:974,0
DA:975,0
DA:976,0
DA:977,0
DA:978,0
DA:979,0
DA:980,0
DA:981,0
DA:982,0
DA:983,0
DA:984,0
DA:985,0
DA:986,0
DA:987,0
DA:988,0
DA:989,0
DA:990,0
DA:991,0
DA:992,0
DA:993,0
DA:994,0
DA:995,0
DA:996,0
DA:997,0
DA:998,0
DA:999,0
DA:1000,0
DA:1001,0
DA:1002,0
DA:1003,0
DA:1004,0
DA:1005,0
DA:1006,0
DA:1007,0
DA:1008,0
DA:1009,0
DA:1010,0
DA:1011,0
DA:1012,0
DA:1013,0
DA:1014,0
DA:1015,0
DA:1016,0
DA:1017,0
DA:1018,0
DA:1019,0
DA:1020,0
DA:1021,0
DA:1022,0
DA:1023,0
DA:1024,0
DA:1025,0
DA:1026,0
DA:1027,0
DA:1028,0
DA:1029,0
DA:1030,0
DA:1031,0
DA:1032,0
DA:1033,0
DA:1034,0
DA:1035,0
DA:1036,0
DA:1037,0
DA:1038,0
DA:1039,0
DA:1040,0
DA:1041,0
DA:1042,0
DA:1043,0
DA:1044,0
DA:1045,0
DA:1046,0
LF:493
LH:148
end_of_record
TN:
SF:/home/taha/Documents/tsk-linux/sleuthkit/test/img_dump/.libs/lt-img_dump.c
FN:175,328,main
FN:331,338,xmalloc
FN:341,345,xstrdup
FN:348,362,base_name
FN:365,379,check_executable
FN:382,397,make_executable
FN:404,506,find_executable
FN:509,565,chase_symlinks
FN:568,585,strendzap
FN:588,598,lt_debugprintf
FN:601,611,lt_error_core
FN:614,620,lt_fatal
FN:623,626,nonnull
FN:629,632,nonempty
FN:635,655,lt_setenv
FN:658,682,lt_extend_str
FN:685,703,lt_update_exe_path
FN:706,718,lt_update_lib_path
FN:747,832,prepare_spawn
FN:833,1046,lt_dump_script
FNDA:10,main
FNDA:170,xmalloc
FNDA:70,xstrdup
FNDA:30,base_name
FNDA:10,check_executable
FNDA:0,make_executable
FNDA:10,find_executable
FNDA:10,chase_symlinks
FNDA:30,strendzap
FNDA:160,lt_debugprintf
FNDA:0,lt_error_core
FNDA:0,lt_fatal
FNDA:150,nonnull
FNDA:20,nonempty
FNDA:30,lt_setenv
FNDA:40,lt_extend_str
FNDA:10,lt_update_exe_path
FNDA:10,lt_update_lib_path
FNDA:10,prepare_spawn
FNDA:0,lt_dump_script
FNF:20
FNH:16
DA:175,10
DA:184,10
DA:188,10
DA:189,10
DA:195,10
DA:196,20
DA:198,10
DA:200,0
DA:201,0
DA:202,0
DA:204,10
DA:206,0
DA:207,0
DA:209,10
DA:220,0
DA:222,0
DA:225,10
DA:227,10
DA:230,10
DA:231,10
DA:232,10
DA:234,10
DA:235,10
DA:236,0
DA:237,10
DA:241,10
DA:242,10
DA:245,10
DA:247,10
DA:248,10
DA:251,10
DA:252,10
DA:253,10
DA:254,10
DA:255,10
DA:258,10
DA:259,10
DA:260,10
DA:261,10
DA:262,10
DA:263,10
DA:265,10
DA:268,10
DA:269,10
DA:271,10
DA:272,10
DA:273,10
DA:275,10
DA:278,10
DA:281,10
DA:282,10
DA:283,10
DA:286,90
DA:288,80
DA:290,90
DA:292,80
DA:295,10
DA:296,10
DA:297,10
DA:299,10
DA:300,10
DA:305,10
DA:306,10
DA:308,10
DA:310,30
DA:312,20
DA:313,20
DA:317,10
DA:318,10
DA:319,10
DA:322,0
DA:324,0
DA:325,0
DA:327,10
DA:331,170
DA:333,170
DA:334,170
DA:335,0
DA:337,170
DA:341,70
DA:343,70
DA:344,140
DA:348,30
DA:354,30
DA:355,20
DA:358,1490
DA:359,1460
DA:360,160
DA:361,30
DA:365,10
DA:369,10
DA:371,10
DA:372,0
DA:374,10
DA:375,10
DA:376,10
DA:378,0
DA:382,0
DA:384,0
DA:387,0
DA:389,0
DA:390,0
DA:392,0
DA:394,0
DA:396,0
DA:404,10
DA:406,10
DA:414,10
DA:417,10
DA:418,0
DA:422,10
DA:424,10
DA:425,10
DA:426,10
DA:427,0
DA:432,0
DA:434,0
DA:435,0
DA:436,0
DA:437,0
DA:443,0
DA:444,0
DA:446,0
DA:447,0
DA:449,0
DA:452,0
DA:453,0
DA:455,0
DA:459,0
DA:460,0
DA:461,0
DA:462,0
DA:463,0
DA:464,0
DA:467,0
DA:468,0
DA:469,0
DA:470,0
DA:472,0
DA:473,0
DA:474,0
DA:475,0
DA:480,0
DA:481,0
DA:482,0
DA:483,0
DA:485,0
DA:486,0
DA:487,0
DA:493,0
DA:494,0
DA:495,0
DA:496,0
DA:497,0
DA:498,0
DA:499,0
DA:500,0
DA:502,0
DA:503,0
DA:504,0
DA:505,0
DA:509,10
DA:512,10
DA:568,30
DA:572,30
DA:573,30
DA:575,30
DA:576,30
DA:578,30
DA:580,30
DA:581,30
DA:582,30
DA:584,30
DA:588,160
DA:591,160
DA:593,0
DA:594,0
DA:595,0
DA:596,0
DA:598,160
DA:601,0
DA:605,0
DA:606,0
DA:607,0
DA:609,0
DA:610,0
DA:611,0
DA:614,0
DA:617,0
DA:618,0
DA:619,0
DA:620,0
DA:623,150
DA:625,150
DA:629,20
DA:631,20
DA:635,30
DA:637,30
DA:646,30
DA:647,30
DA:648,30
DA:649,30
DA:651,0
DA:655,30
DA:658,40
DA:661,40
DA:662,40
DA:663,40
DA:664,40
DA:665,40
DA:666,40
DA:668,30
DA:669,30
DA:673,10
DA:674,10
DA:679,0
DA:681,40
DA:685,10
DA:687,10
DA:691,10
DA:693,10
DA:695,10
DA:696,10
DA:698,0
DA:700,10
DA:701,10
DA:703,10
DA:706,10
DA:708,10
DA:712,10
DA:714,0
DA:715,0
DA:716,0
DA:718,10
DA:747,10
DA:754,30
DA:758,10
DA:761,30
DA:763,20
DA:765,20
DA:766,0
DA:767,20
DA:769,0
DA:776,0
DA:777,0
DA:778,0
DA:779,0
DA:780,0
DA:782,0
DA:783,0
DA:784,0
DA:785,0
DA:786,0
DA:787,0
DA:789,0
DA:791,0
DA:792,0
DA:794,0
DA:796,0
DA:797,0
DA:798,0
DA:799,0
DA:800,0
DA:802,0
DA:803,0
DA:806,0
DA:807,0
DA:809,0
DA:810,0
DA:811,0
DA:813,0
DA:815,0
DA:818,0
DA:819,0
DA:820,0
DA:822,0
DA:824,0
DA:827,20
DA:829,10
DA:831,10
DA:833,0
DA:835,0
DA:836,0
DA:837,0
DA:838,0
DA:839,0
DA:840,0
DA:841,0
DA:842,0
DA:843,0
DA:844,0
DA:845,0
DA:846,0
DA:847,0
DA:848,0
DA:849,0
DA:850,0
DA:851,0
DA:852,0
DA:853,0
DA:854,0
DA:855,0
DA:856,0
DA:857,0
DA:858,0
DA:859,0
DA:860,0
DA:861,0
DA:862,0
DA:863,0
DA:864,0
DA:865,0
DA:866,0
DA:867,0
DA:868,0
DA:869,0
DA:870,0
DA:871,0
DA:872,0
DA:873,0
DA:874,0
DA:875,0
DA:876,0
DA:877,0
DA:878,0
DA:879,0
DA:880,0
DA:881,0
DA:882,0
DA:883,0
DA:884,0
DA:885,0
DA:886,0
DA:887,0
DA:888,0
DA:889,0
DA:890,0
DA:891,0
DA:892,0
DA:893,0
DA:894,0
DA:895,0
DA:896,0
DA:897,0
DA:898,0
DA:899,0
DA:900,0
DA:901,0
DA:902,0
DA:903,0
DA:904,0
DA:905,0
DA:906,0
DA:907,0
DA:908,0
DA:909,0
DA:910,0
DA:911,0
DA:912,0
DA:913,0
DA:914,0
DA:915,0
DA:916,0
DA:917,0
DA:918,0
DA:919,0
DA:920,0
DA:921,0
DA:922,0
DA:923,0
DA:924,0
DA:925,0
DA:926,0
DA:927,0
DA:928,0
DA:929,0
DA:930,0
DA:931,0
DA:932,0
DA:933,0
DA:934,0
DA:935,0
DA:936,0
DA:937,0
DA:938,0
DA:939,0
DA:940,0
DA:941,0
DA:942,0
DA:943,0
DA:944,0
DA:945,0
DA:946,0
DA:947,0
DA:948,0
DA:949,0
DA:950,0
DA:951,0
DA:952,0
DA:953,0
DA:954,0
DA:955,0
DA:956,0
DA:957,0
DA:958,0
DA:959,0
DA:960,0
DA:961,0
DA:962,0
DA:963,0
DA:964,0
DA:965,0
DA:966,0
DA:967,0
DA:968,0
DA:969,0
DA:970,0
DA:971,0
DA:972,0
DA:973,0
DA:974,0
DA:975,0
DA:976,0
DA:977,0
DA:978,0
DA:979,0
DA:980,0
DA:981,0
DA:982,0
DA:983,0
DA:984,0
DA:985,0
DA:986,0
DA:987,0
DA:988,0
DA:989,0
DA:990,0
DA:991,0
DA:992,0
DA:993,0
DA:994,0
DA:995,0
DA:996,0
DA:997,0
DA:998,0
DA:999,0
DA:1000,0
DA:1001,0
DA:1002,0
DA:1003,0
DA:1004,0
DA:1005,0
DA:1006,0
DA:1007,0
DA:1008,0
DA:1009,0
DA:1010,0
DA:1011,0
DA:1012,0
DA:1013,0
DA:1014,0
DA:1015,0
DA:1016,0
DA:1017,0
DA:1018,0
DA:1019,0
DA:1020,0
DA:1021,0
DA:1022,0
DA:1023,0
DA:1024,0
DA:1025,0
DA:1026,0
DA:1027,0
DA:1028,0
DA:1029,0
DA:1030,0
DA:1031,0
DA:1032,0
DA:1033,0
DA:1034,0
DA:1035,0
DA:1036,0
DA:1037,0
DA:1038,0
DA:1039,0
DA:1040,0
DA:1041,0
DA:1042,0
DA:1043,0
DA:1044,0
DA:1045,0
DA:1046,0
LF:493
LH:152
end_of_record
TN:
SF:/home/taha/Documents/tsk-linux/sleuthkit/test/legacy/.libs/lt-fs_thread_test.c
FN:175,328,main
FN:331,338,xmalloc
FN:341,345,xstrdup
FN:348,362,base_name
FN:365,379,check_executable
FN:382,397,make_executable
FN:404,506,find_executable
FN:509,565,chase_symlinks
FN:568,585,strendzap
FN:588,598,lt_debugprintf
FN:601,611,lt_error_core
FN:614,620,lt_fatal
FN:623,626,nonnull
FN:629,632,nonempty
FN:635,655,lt_setenv
FN:658,682,lt_extend_str
FN:685,703,lt_update_exe_path
FN:706,718,lt_update_lib_path
FN:747,832,prepare_spawn
FN:833,1047,lt_dump_script
FNDA:37,main
FNDA:777,xmalloc
FNDA:407,xstrdup
FNDA:111,base_name
FNDA:37,check_executable
FNDA:0,make_executable
FNDA:37,find_executable
FNDA:37,chase_symlinks
FNDA:111,strendzap
FNDA:740,lt_debugprintf
FNDA:0,lt_error_core
FNDA:0,lt_fatal
FNDA:703,nonnull
FNDA:74,nonempty
FNDA:111,lt_setenv
FNDA:148,lt_extend_str
FNDA:37,lt_update_exe_path
FNDA:37,lt_update_lib_path
FNDA:37,prepare_spawn
FNDA:0,lt_dump_script
FNF:20
FNH:16
DA:175,37
DA:184,37
DA:188,37
DA:189,37
DA:195,37
DA:196,222
DA:198,185
DA:200,0
DA:201,0
DA:202,0
DA:204,185
DA:206,0
DA:207,0
DA:209,185
DA:220,0
DA:222,0
DA:225,185
DA:227,37
DA:230,37
DA:231,37
DA:232,37
DA:234,37
DA:235,37
DA:236,0
DA:237,37
DA:241,37
DA:242,37
DA:245,37
DA:247,37
DA:248,37
DA:251,37
DA:252,37
DA:253,37
DA:254,37
DA:255,37
DA:258,37
DA:259,37
DA:260,37
DA:261,37
DA:262,37
DA:263,37
DA:265,37
DA:268,37
DA:269,37
DA:271,37
DA:272,37
DA:273,37
DA:275,37
DA:278,37
DA:281,37
DA:282,37
DA:283,37
DA:286,333
DA:288,296
DA:290,333
DA:292,296
DA:295,37
DA:296,37
DA:297,37
DA:299,37
DA:300,37
DA:305,37
DA:306,37
DA:308,37
DA:310,259
DA:312,222
DA:313,222
DA:317,37
DA:318,37
DA:319,37
DA:322,0
DA:324,0
DA:325,0
DA:327,37
DA:331,777
DA:333,777
DA:334,777
DA:335,0
DA:337,777
DA:341,407
DA:343,407
DA:344,814
DA:348,111
DA:354,111
DA:355,74
DA:358,6031
DA:359,5920
DA:360,592
DA:361,111
DA:365,37
DA:369,37
DA:371,37
DA:372,0
DA:374,37
DA:375,37
DA:376,37
DA:378,0
DA:382,0
DA:384,0
DA:387,0
DA:389,0
DA:390,0
DA:392,0
DA:394,0
DA:396,0
DA:404,37
DA:406,37
DA:414,37
DA:417,37
DA:418,0
DA:422,37
DA:424,37
DA:425,37
DA:426,37
DA:427,0
DA:432,0
DA:434,0
DA:435,0
DA:436,0
DA:437,0
DA:443,0
DA:444,0
DA:446,0
DA:447,0
DA:449,0
DA:452,0
DA:453,0
DA:455,0
DA:459,0
DA:460,0
DA:461,0
DA:462,0
DA:463,0
DA:464,0
DA:467,0
DA:468,0
DA:469,0
DA:470,0
DA:472,0
DA:473,0
DA:474,0
DA:475,0
DA:480,0
DA:481,0
DA:482,0
DA:483,0
DA:485,0
DA:486,0
DA:487,0
DA:493,0
DA:494,0
DA:495,0
DA:496,0
DA:497,0
DA:498,0
DA:499,0
DA:500,0
DA:502,0
DA:503,0
DA:504,0
DA:505,0
DA:509,37
DA:512,37
DA:568,111
DA:572,111
DA:573,111
DA:575,111
DA:576,111
DA:578,111
DA:580,111
DA:581,111
DA:582,111
DA:584,111
DA:588,740
DA:591,740
DA:593,0
DA:594,0
DA:595,0
DA:596,0
DA:598,740
DA:601,0
DA:605,0
DA:606,0
DA:607,0
DA:609,0
DA:610,0
DA:611,0
DA:614,0
DA:617,0
DA:618,0
DA:619,0
DA:620,0
DA:623,703
DA:625,703
DA:629,74
DA:631,74
DA:635,111
DA:637,111
DA:646,111
DA:647,111
DA:648,111
DA:649,111
DA:651,0
DA:655,111
DA:658,148
DA:661,148
DA:662,148
DA:663,148
DA:664,148
DA:665,148
DA:666,148
DA:668,111
DA:669,111
DA:673,37
DA:674,37
DA:679,0
DA:681,148
DA:685,37
DA:687,37
DA:691,37
DA:693,37
DA:695,37
DA:696,37
DA:698,0
DA:700,37
DA:701,37
DA:703,37
DA:706,37
DA:708,37
DA:712,37
DA:714,0
DA:715,0
DA:716,0
DA:718,37
DA:747,37
DA:754,259
DA:758,37
DA:761,259
DA:763,222
DA:765,222
DA:766,0
DA:767,222
DA:769,0
DA:776,0
DA:777,0
DA:778,0
DA:779,0
DA:780,0
DA:782,0
DA:783,0
DA:784,0
DA:785,0
DA:786,0
DA:787,0
DA:789,0
DA:791,0
DA:792,0
DA:794,0
DA:796,0
DA:797,0
DA:798,0
DA:799,0
DA:800,0
DA:802,0
DA:803,0
DA:806,0
DA:807,0
DA:809,0
DA:810,0
DA:811,0
DA:813,0
DA:815,0
DA:818,0
DA:819,0
DA:820,0
DA:822,0
DA:824,0
DA:827,222
DA:829,37
DA:831,37
DA:833,0
DA:835,0
DA:836,0
DA:837,0
DA:838,0
DA:839,0
DA:840,0
DA:841,0
DA:842,0
DA:843,0
DA:844,0
DA:845,0
DA:846,0
DA:847,0
DA:848,0
DA:849,0
DA:850,0
DA:851,0
DA:852,0
DA:853,0
DA:854,0
DA:855,0
DA:856,0
DA:857,0
DA:858,0
DA:859,0
DA:860,0
DA:861,0
DA:862,0
DA:863,0
DA:864,0
DA:865,0
DA:866,0
DA:867,0
DA:868,0
DA:869,0
DA:870,0
DA:871,0
DA:872,0
DA:873,0
DA:874,0
DA:875,0
DA:876,0
DA:877,0
DA:878,0
DA:879,0
DA:880,0
DA:881,0
DA:882,0
DA:883,0
DA:884,0
DA:885,0
DA:886,0
DA:887,0
DA:888,0
DA:889,0
DA:890,0
DA:891,0
DA:892,0
DA:893,0
DA:894,0
DA:895,0
DA:896,0
DA:897,0
DA:898,0
DA:899,0
DA:900,0
DA:901,0
DA:902,0
DA:903,0
DA:904,0
DA:905,0
DA:906,0
DA:907,0
DA:908,0
DA:909,0
DA:910,0
DA:911,0
DA:912,0
DA:913,0
DA:914,0
DA:915,0
DA:916,0
DA:917,0
DA:918,0
DA:919,0
DA:920,0
DA:921,0
DA:922,0
DA:923,0
DA:924,0
DA:925,0
DA:926,0
DA:927,0
DA:928,0
DA:929,0
DA:930,0
DA:931,0
DA:932,0
DA:933,0
DA:934,0
DA:935,0
DA:936,0
DA:937,0
DA:938,0
DA:939,0
DA:940,0
DA:941,0
DA:942,0
DA:943,0
DA:944,0
DA:945,0
DA:946,0
DA:947,0
DA:948,0
DA:949,0
DA:950,0
DA:951,0
DA:952,0
DA:953,0
DA:954,0
DA:955,0
DA:956,0
DA:957,0
DA:958,0
DA:959,0
DA:960,0
DA:961,0
DA:962,0
DA:963,0
DA:964,0
DA:965,0
DA:966,0
DA:967,0
DA:968,0
DA:969,0
DA:970,0
DA:971,0
DA:972,0
DA:973,0
DA:974,0
DA:975,0
DA:976,0
DA:977,0
DA:978,0
DA:979,0
DA:980,0
DA:981,0
DA:982,0
DA:983,0
DA:984,0
DA:985,0
DA:986,0
DA:987,0
DA:988,0
DA:989,0
DA:990,0
DA:991,0
DA:992,0
DA:993,0
DA:994,0
DA:995,0
DA:996,0
DA:997,0
DA:998,0
DA:999,0
DA:1000,0
DA:1001,0
DA:1002,0
DA:1003,0
DA:1004,0
DA:1005,0
DA:1006,0
DA:1007,0
DA:1008,0
DA:1009,0
DA:1010,0
DA:1011,0
DA:1012,0
DA:1013,0
DA:1014,0
DA:1015,0
DA:1016,0
DA:1017,0
DA:1018,0
DA:1019,0
DA:1020,0
DA:1021,0
DA:1022,0
DA:1023,0
DA:1024,0
DA:1025,0
DA:1026,0
DA:1027,0
DA:1028,0
DA:1029,0
DA:1030,0
DA:1031,0
DA:1032,0
DA:1033,0
DA:1034,0
DA:1035,0
DA:1036,0
DA:1037,0
DA:1038,0
DA:1039,0
DA:1040,0
DA:1041,0
DA:1042,0
DA:1043,0
DA:1044,0
DA:1045,0
DA:1046,0
DA:1047,0
LF:494
LH:152
end_of_record
TN:
SF:/home/taha/Documents/tsk-linux/sleuthkit/test/tools/.libs/lt-tsk_cli_runner.c
FN:175,328,main
FN:331,338,xmalloc
FN:341,345,xstrdup
FN:348,362,base_name
FN:365,379,check_executable
FN:382,397,make_executable
FN:404,506,find_executable
FN:509,565,chase_symlinks
FN:568,585,strendzap
FN:588,598,lt_debugprintf
FN:601,611,lt_error_core
FN:614,620,lt_fatal
FN:623,626,nonnull
FN:629,632,nonempty
FN:635,655,lt_setenv
FN:658,682,lt_extend_str
FN:685,703,lt_update_exe_path
FN:706,718,lt_update_lib_path
FN:747,832,prepare_spawn
FN:833,1047,lt_dump_script
FNDA:3,main
FNDA:48,xmalloc
FNDA:18,xstrdup
FNDA:9,base_name
FNDA:3,check_executable
FNDA:0,make_executable
FNDA:3,find_executable
FNDA:3,chase_symlinks
FNDA:9,strendzap
FNDA:45,lt_debugprintf
FNDA:0,lt_error_core
FNDA:0,lt_fatal
FNDA:42,nonnull
FNDA:6,nonempty
FNDA:9,lt_setenv
FNDA:12,lt_extend_str
FNDA:3,lt_update_exe_path
FNDA:3,lt_update_lib_path
FNDA:3,prepare_spawn
FNDA:0,lt_dump_script
FNF:20
FNH:16
DA:175,3
DA:184,3
DA:188,3
DA:189,3
DA:195,3
DA:196,3
DA:198,0
DA:200,0
DA:201,0
DA:202,0
DA:204,0
DA:206,0
DA:207,0
DA:209,0
DA:220,0
DA:222,0
DA:225,0
DA:227,3
DA:230,3
DA:231,3
DA:232,3
DA:234,3
DA:235,3
DA:236,0
DA:237,3
DA:241,3
DA:242,3
DA:245,3
DA:247,3
DA:248,3
DA:251,3
DA:252,3
DA:253,3
DA:254,3
DA:255,3
DA:258,3
DA:259,3
DA:260,3
DA:261,3
DA:262,3
DA:263,3
DA:265,3
DA:268,3
DA:269,3
DA:271,3
DA:272,3
DA:273,3
DA:275,3
DA:278,3
DA:281,3
DA:282,3
DA:283,3
DA:286,27
DA:288,24
DA:290,27
DA:292,24
DA:295,3
DA:296,3
DA:297,3
DA:299,3
DA:300,3
DA:305,3
DA:306,3
DA:308,3
DA:310,6
DA:312,3
DA:313,3
DA:317,3
DA:318,3
DA:319,3
DA:322,0
DA:324,0
DA:325,0
DA:327,3
DA:331,48
DA:333,48
DA:334,48
DA:335,0
DA:337,48
DA:341,18
DA:343,18
DA:344,36
DA:348,9
DA:354,9
DA:355,6
DA:358,483
DA:359,474
DA:360,48
DA:361,9
DA:365,3
DA:369,3
DA:371,3
DA:372,0
DA:374,3
DA:375,3
DA:376,3
DA:378,0
DA:382,0
DA:384,0
DA:387,0
DA:389,0
DA:390,0
DA:392,0
DA:394,0
DA:396,0
DA:404,3
DA:406,3
DA:414,3
DA:417,3
DA:418,0
DA:422,3
DA:424,3
DA:425,3
DA:426,3
DA:427,0
DA:432,0
DA:434,0
DA:435,0
DA:436,0
DA:437,0
DA:443,0
DA:444,0
DA:446,0
DA:447,0
DA:449,0
DA:452,0
DA:453,0
DA:455,0
DA:459,0
DA:460,0
DA:461,0
DA:462,0
DA:463,0
DA:464,0
DA:467,0
DA:468,0
DA:469,0
DA:470,0
DA:472,0
DA:473,0
DA:474,0
DA:475,0
DA:480,0
DA:481,0
DA:482,0
DA:483,0
DA:485,0
DA:486,0
DA:487,0
DA:493,0
DA:494,0
DA:495,0
DA:496,0
DA:497,0
DA:498,0
DA:499,0
DA:500,0
DA:502,0
DA:503,0
DA:504,0
DA:505,0
DA:509,3
DA:512,3
DA:568,9
DA:572,9
DA:573,9
DA:575,9
DA:576,9
DA:578,9
DA:580,9
DA:581,9
DA:582,9
DA:584,9
DA:588,45
DA:591,45
DA:593,0
DA:594,0
DA:595,0
DA:596,0
DA:598,45
DA:601,0
DA:605,0
DA:606,0
DA:607,0
DA:609,0
DA:610,0
DA:611,0
DA:614,0
DA:617,0
DA:618,0
DA:619,0
DA:620,0
DA:623,42
DA:625,42
DA:629,6
DA:631,6
DA:635,9
DA:637,9
DA:646,9
DA:647,9
DA:648,9
DA:649,9
DA:651,0
DA:655,9
DA:658,12
DA:661,12
DA:662,12
DA:663,12
DA:664,12
DA:665,12
DA:666,12
DA:668,9
DA:669,9
DA:673,3
DA:674,3
DA:679,0
DA:681,12
DA:685,3
DA:687,3
DA:691,3
DA:693,3
DA:695,3
DA:696,3
DA:698,0
DA:700,3
DA:701,3
DA:703,3
DA:706,3
DA:708,3
DA:712,3
DA:714,0
DA:715,0
DA:716,0
DA:718,3
DA:747,3
DA:754,6
DA:758,3
DA:761,6
DA:763,3
DA:765,3
DA:766,0
DA:767,3
DA:769,0
DA:776,0
DA:777,0
DA:778,0
DA:779,0
DA:780,0
DA:782,0
DA:783,0
DA:784,0
DA:785,0
DA:786,0
DA:787,0
DA:789,0
DA:791,0
DA:792,0
DA:794,0
DA:796,0
DA:797,0
DA:798,0
DA:799,0
DA:800,0
DA:802,0
DA:803,0
DA:806,0
DA:807,0
DA:809,0
DA:810,0
DA:811,0
DA:813,0
DA:815,0
DA:818,0
DA:819,0
DA:820,0
DA:822,0
DA:824,0
DA:827,3
DA:829,3
DA:831,3
DA:833,0
DA:835,0
DA:836,0
DA:837,0
DA:838,0
DA:839,0
DA:840,0
DA:841,0
DA:842,0
DA:843,0
DA:844,0
DA:845,0
DA:846,0
DA:847,0
DA:848,0
DA:849,0
DA:850,0
DA:851,0
DA:852,0
DA:853,0
DA:854,0
DA:855,0
DA:856,0
DA:857,0
DA:858,0
DA:859,0
DA:860,0
DA:861,0
DA:862,0
DA:863,0
DA:864,0
DA:865,0
DA:866,0
DA:867,0
DA:868,0
DA:869,0
DA:870,0
DA:871,0
DA:872,0
DA:873,0
DA:874,0
DA:875,0
DA:876,0
DA:877,0
DA:878,0
DA:879,0
DA:880,0
DA:881,0
DA:882,0
DA:883,0
DA:884,0
DA:885,0
DA:886,0
DA:887,0
DA:888,0
DA:889,0
DA:890,0
DA:891,0
DA:892,0
DA:893,0
DA:894,0
DA:895,0
DA:896,0
DA:897,0
DA:898,0
DA:899,0
DA:900,0
DA:901,0
DA:902,0
DA:903,0
DA:904,0
DA:905,0
DA:906,0
DA:907,0
DA:908,0
DA:909,0
DA:910,0
DA:911,0
DA:912,0
DA:913,0
DA:914,0
DA:915,0
DA:916,0
DA:917,0
DA:918,0
DA:919,0
DA:920,0
DA:921,0
DA:922,0
DA:923,0
DA:924,0
DA:925,0
DA:926,0
DA:927,0
DA:928,0
DA:929,0
DA:930,0
DA:931,0
DA:932,0
DA:933,0
DA:934,0
DA:935,0
DA:936,0
DA:937,0
DA:938,0
DA:939,0
DA:940,0
DA:941,0
DA:942,0
DA:943,0
DA:944,0
DA:945,0
DA:946,0
DA:947,0
DA:948,0
DA:949,0
DA:950,0
DA:951,0
DA:952,0
DA:953,0
DA:954,0
DA:955,0
DA:956,0
DA:957,0
DA:958,0
DA:959,0
DA:960,0
DA:961,0
DA:962,0
DA:963,0
DA:964,0
DA:965,0
DA:966,0
DA:967,0
DA:968,0
DA:969,0
DA:970,0
DA:971,0
DA:972,0
DA:973,0
DA:974,0
DA:975,0
DA:976,0
DA:977,0
DA:978,0
DA:979,0
DA:980,0
DA:981,0
DA:982,0
DA:983,0
DA:984,0
DA:985,0
DA:986,0
DA:987,0
DA:988,0
DA:989,0
DA:990,0
DA:991,0
DA:992,0
DA:993,0
DA:994,0
DA:995,0
DA:996,0
DA:997,0
DA:998,0
DA:999,0
DA:1000,0
DA:1001,0
DA:1002,0
DA:1003,0
DA:1004,0
DA:1005,0
DA:1006,0
DA:1007,0
DA:1008,0
DA:1009,0
DA:1010,0
DA:1011,0
DA:1012,0
DA:1013,0
DA:1014,0
DA:1015,0
DA:1016,0
DA:1017,0
DA:1018,0
DA:1019,0
DA:1020,0
DA:1021,0
DA:1022,0
DA:1023,0
DA:1024,0
DA:1025,0
DA:1026,0
DA:1027,0
DA:1028,0
DA:1029,0
DA:1030,0
DA:1031,0
DA:1032,0
DA:1033,0
DA:1034,0
DA:1035,0
DA:1036,0
DA:1037,0
DA:1038,0
DA:1039,0
DA:1040,0
DA:1041,0
DA:1042,0
DA:1043,0
DA:1044,0
DA:1045,0
DA:1046,0
DA:1047,0
LF:494
LH:148
end_of_record
TN:
SF:/home/taha/Documents/tsk-linux/sleuthkit/tools/autotools/.libs/lt-tsk_loaddb.c
FN:175,328,main
FN:331,338,xmalloc
FN:341,345,xstrdup
FN:348,362,base_name
FN:365,379,check_executable
FN:382,397,make_executable
FN:404,506,find_executable
FN:509,565,chase_symlinks
FN:568,585,strendzap
FN:588,598,lt_debugprintf
FN:601,611,lt_error_core
FN:614,620,lt_fatal
FN:623,626,nonnull
FN:629,632,nonempty
FN:635,655,lt_setenv
FN:658,682,lt_extend_str
FN:685,703,lt_update_exe_path
FN:706,718,lt_update_lib_path
FN:747,832,prepare_spawn
FN:833,1047,lt_dump_script
FNDA:28,main
FNDA:532,xmalloc
FNDA:252,xstrdup
FNDA:84,base_name
FNDA:28,check_executable
FNDA:0,make_executable
FNDA:28,find_executable
FNDA:28,chase_symlinks
FNDA:84,strendzap
FNDA:504,lt_debugprintf
FNDA:0,lt_error_core
FNDA:0,lt_fatal
FNDA:476,nonnull
FNDA:56,nonempty
FNDA:84,lt_setenv
FNDA:112,lt_extend_str
FNDA:28,lt_update_exe_path
FNDA:28,lt_update_lib_path
FNDA:28,prepare_spawn
FNDA:0,lt_dump_script
FNF:20
FNH:16
DA:175,28
DA:184,28
DA:188,28
DA:189,28
DA:195,28
DA:196,112
DA:198,84
DA:200,0
DA:201,0
DA:202,0
DA:204,84
DA:206,0
DA:207,0
DA:209,84
DA:220,0
DA:222,0
DA:225,84
DA:227,28
DA:230,28
DA:231,28
DA:232,28
DA:234,28
DA:235,28
DA:236,0
DA:237,28
DA:241,28
DA:242,28
DA:245,28
DA:247,28
DA:248,28
DA:251,28
DA:252,28
DA:253,28
DA:254,28
DA:255,28
DA:258,28
DA:259,28
DA:260,28
DA:261,28
DA:262,28
DA:263,28
DA:265,28
DA:268,28
DA:269,28
DA:271,28
DA:272,28
DA:273,28
DA:275,28
DA:278,28
DA:281,28
DA:282,28
DA:283,28
DA:286,252
DA:288,224
DA:290,252
DA:292,224
DA:295,28
DA:296,28
DA:297,28
DA:299,28
DA:300,28
DA:305,28
DA:306,28
DA:308,28
DA:310,140
DA:312,112
DA:313,112
DA:317,28
DA:318,28
DA:319,28
DA:322,0
DA:324,0
DA:325,0
DA:327,28
DA:331,532
DA:333,532
DA:334,532
DA:335,0
DA:337,532
DA:341,252
DA:343,252
DA:344,504
DA:348,84
DA:354,84
DA:355,56
DA:358,4452
DA:359,4368
DA:360,448
DA:361,84
DA:365,28
DA:369,28
DA:371,28
DA:372,0
DA:374,28
DA:375,28
DA:376,28
DA:378,0
DA:382,0
DA:384,0
DA:387,0
DA:389,0
DA:390,0
DA:392,0
DA:394,0
DA:396,0
DA:404,28
DA:406,28
DA:414,28
DA:417,28
DA:418,0
DA:422,28
DA:424,28
DA:425,28
DA:426,28
DA:427,0
DA:432,0
DA:434,0
DA:435,0
DA:436,0
DA:437,0
DA:443,0
DA:444,0
DA:446,0
DA:447,0
DA:449,0
DA:452,0
DA:453,0
DA:455,0
DA:459,0
DA:460,0
DA:461,0
DA:462,0
DA:463,0
DA:464,0
DA:467,0
DA:468,0
DA:469,0
DA:470,0
DA:472,0
DA:473,0
DA:474,0
DA:475,0
DA:480,0
DA:481,0
DA:482,0
DA:483,0
DA:485,0
DA:486,0
DA:487,0
DA:493,0
DA:494,0
DA:495,0
DA:496,0
DA:497,0
DA:498,0
DA:499,0
DA:500,0
DA:502,0
DA:503,0
DA:504,0
DA:505,0
DA:509,28
DA:512,28
DA:568,84
DA:572,84
DA:573,84
DA:575,84
DA:576,84
DA:578,84
DA:580,84
DA:581,84
DA:582,84
DA:584,84
DA:588,504
DA:591,504
DA:593,0
DA:594,0
DA:595,0
DA:596,0
DA:598,504
DA:601,0
DA:605,0
DA:606,0
DA:607,0
DA:609,0
DA:610,0
DA:611,0
DA:614,0
DA:617,0
DA:618,0
DA:619,0
DA:620,0
DA:623,476
DA:625,476
DA:629,56
DA:631,56
DA:635,84
DA:637,84
DA:646,84
DA:647,84
DA:648,84
DA:649,84
DA:651,0
DA:655,84
DA:658,112
DA:661,112
DA:662,112
DA:663,112
DA:664,112
DA:665,112
DA:666,112
DA:668,84
DA:669,84
DA:673,28
DA:674,28
DA:679,0
DA:681,112
DA:685,28
DA:687,28
DA:691,28
DA:693,28
DA:695,28
DA:696,28
DA:698,0
DA:700,28
DA:701,28
DA:703,28
DA:706,28
DA:708,28
DA:712,28
DA:714,0
DA:715,0
DA:716,0
DA:718,28
DA:747,28
DA:754,140
DA:758,28
DA:761,140
DA:763,112
DA:765,112
DA:766,0
DA:767,112
DA:769,0
DA:776,0
DA:777,0
DA:778,0
DA:779,0
DA:780,0
DA:782,0
DA:783,0
DA:784,0
DA:785,0
DA:786,0
DA:787,0
DA:789,0
DA:791,0
DA:792,0
DA:794,0
DA:796,0
DA:797,0
DA:798,0
DA:799,0
DA:800,0
DA:802,0
DA:803,0
DA:806,0
DA:807,0
DA:809,0
DA:810,0
DA:811,0
DA:813,0
DA:815,0
DA:818,0
DA:819,0
DA:820,0
DA:822,0
DA:824,0
DA:827,112
DA:829,28
DA:831,28
DA:833,0
DA:835,0
DA:836,0
DA:837,0
DA:838,0
DA:839,0
DA:840,0
DA:841,0
DA:842,0
DA:843,0
DA:844,0
DA:845,0
DA:846,0
DA:847,0
DA:848,0
DA:849,0
DA:850,0
DA:851,0
DA:852,0
DA:853,0
DA:854,0
DA:855,0
DA:856,0
DA:857,0
DA:858,0
DA:859,0
DA:860,0
DA:861,0
DA:862,0
DA:863,0
DA:864,0
DA:865,0
DA:866,0
DA:867,0
DA:868,0
DA:869,0
DA:870,0
DA:871,0
DA:872,0
DA:873,0
DA:874,0
DA:875,0
DA:876,0
DA:877,0
DA:878,0
DA:879,0
DA:880,0
DA:881,0
DA:882,0
DA:883,0
DA:884,0
DA:885,0
DA:886,0
DA:887,0
DA:888,0
DA:889,0
DA:890,0
DA:891,0
DA:892,0
DA:893,0
DA:894,0
DA:895,0
DA:896,0
DA:897,0
DA:898,0
DA:899,0
DA:900,0
DA:901,0
DA:902,0
DA:903,0
DA:904,0
DA:905,0
DA:906,0
DA:907,0
DA:908,0
DA:909,0
DA:910,0
DA:911,0
DA:912,0
DA:913,0
DA:914,0
DA:915,0
DA:916,0
DA:917,0
DA:918,0
DA:919,0
DA:920,0
DA:921,0
DA:922,0
DA:923,0
DA:924,0
DA:925,0
DA:926,0
DA:927,0
DA:928,0
DA:929,0
DA:930,0
DA:931,0
DA:932,0
DA:933,0
DA:934,0
DA:935,0
DA:936,0
DA:937,0
DA:938,0
DA:939,0
DA:940,0
DA:941,0
DA:942,0
DA:943,0
DA:944,0
DA:945,0
DA:946,0
DA:947,0
DA:948,0
DA:949,0
DA:950,0
DA:951,0
DA:952,0
DA:953,0
DA:954,0
DA:955,0
DA:956,0
DA:957,0
DA:958,0
DA:959,0
DA:960,0
DA:961,0
DA:962,0
DA:963,0
DA:964,0
DA:965,0
DA:966,0
DA:967,0
DA:968,0
DA:969,0
DA:970,0
DA:971,0
DA:972,0
DA:973,0
DA:974,0
DA:975,0
DA:976,0
DA:977,0
DA:978,0
DA:979,0
DA:980,0
DA:981,0
DA:982,0
DA:983,0
DA:984,0
DA:985,0
DA:986,0
DA:987,0
DA:988,0
DA:989,0
DA:990,0
DA:991,0
DA:992,0
DA:993,0
DA:994,0
DA:995,0
DA:996,0
DA:997,0
DA:998,0
DA:999,0
DA:1000,0
DA:1001,0
DA:1002,0
DA:1003,0
DA:1004,0
DA:1005,0
DA:1006,0
DA:1007,0
DA:1008,0
DA:1009,0
DA:1010,0
DA:1011,0
DA:1012,0
DA:1013,0
DA:1014,0
DA:1015,0
DA:1016,0
DA:1017,0
DA:1018,0
DA:1019,0
DA:1020,0
DA:1021,0
DA:1022,0
DA:1023,0
DA:1024,0
DA:1025,0
DA:1026,0
DA:1027,0
DA:1028,0
DA:1029,0
DA:1030,0
DA:1031,0
DA:1032,0
DA:1033,0
DA:1034,0
DA:1035,0
DA:1036,0
DA:1037,0
DA:1038,0
DA:1039,0
DA:1040,0
DA:1041,0
DA:1042,0
DA:1043,0
DA:1044,0
DA:1045,0
DA:1046,0
DA:1047,0
LF:494
LH:152
end_of_record
TN:
SF:/home/taha/Documents/tsk-linux/sleuthkit/tools/fstools/.libs/lt-fls.c
FN:175,328,main
FN:331,338,xmalloc
FN:341,345,xstrdup
FN:348,362,base_name
FN:365,379,check_executable
FN:382,397,make_executable
FN:404,506,find_executable
FN:509,565,chase_symlinks
FN:568,585,strendzap
FN:588,598,lt_debugprintf
FN:601,611,lt_error_core
FN:614,620,lt_fatal
FN:623,626,nonnull
FN:629,632,nonempty
FN:635,655,lt_setenv
FN:658,682,lt_extend_str
FN:685,703,lt_update_exe_path
FN:706,718,lt_update_lib_path
FN:747,832,prepare_spawn
FN:833,1046,lt_dump_script
FNDA:22,main
FNDA:354,xmalloc
FNDA:132,xstrdup
FNDA:66,base_name
FNDA:22,check_executable
FNDA:0,make_executable
FNDA:22,find_executable
FNDA:22,chase_symlinks
FNDA:66,strendzap
FNDA:332,lt_debugprintf
FNDA:0,lt_error_core
FNDA:0,lt_fatal
FNDA:310,nonnull
FNDA:44,nonempty
FNDA:66,lt_setenv
FNDA:88,lt_extend_str
FNDA:22,lt_update_exe_path
FNDA:22,lt_update_lib_path
FNDA:22,prepare_spawn
FNDA:0,lt_dump_script
FNF:20
FNH:16
DA:175,22
DA:184,22
DA:188,22
DA:189,22
DA:195,22
DA:196,24
DA:198,2
DA:200,0
DA:201,0
DA:202,0
DA:204,2
DA:206,0
DA:207,0
DA:209,2
DA:220,0
DA:222,0
DA:225,2
DA:227,22
DA:230,22
DA:231,22
DA:232,22
DA:234,22
DA:235,22
DA:236,0
DA:237,22
DA:241,22
DA:242,22
DA:245,22
DA:247,22
DA:248,22
DA:251,22
DA:252,22
DA:253,22
DA:254,22
DA:255,22
DA:258,22
DA:259,22
DA:260,22
DA:261,22
DA:262,22
DA:263,22
DA:265,22
DA:268,22
DA:269,22
DA:271,22
DA:272,22
DA:273,22
DA:275,22
DA:278,22
DA:281,22
DA:282,22
DA:283,22
DA:286,192
DA:288,170
DA:290,192
DA:292,170
DA:295,22
DA:296,22
DA:297,22
DA:299,22
DA:300,22
DA:305,22
DA:306,22
DA:308,22
DA:310,46
DA:312,24
DA:313,24
DA:317,22
DA:318,22
DA:319,22
DA:322,0
DA:324,0
DA:325,0
DA:327,22
DA:331,354
DA:333,354
DA:334,354
DA:335,0
DA:337,354
DA:341,132
DA:343,132
DA:344,264
DA:348,66
DA:354,66
DA:355,42
DA:358,2866
DA:359,2800
DA:360,340
DA:361,66
DA:365,22
DA:369,22
DA:371,22
DA:372,0
DA:374,22
DA:375,22
DA:376,22
DA:378,0
DA:382,0
DA:384,0
DA:387,0
DA:389,0
DA:390,0
DA:392,0
DA:394,0
DA:396,0
DA:404,22
DA:406,22
DA:414,22
DA:417,22
DA:418,0
DA:422,22
DA:424,20
DA:425,20
DA:426,20
DA:427,0
DA:432,2
DA:434,0
DA:435,0
DA:436,0
DA:437,0
DA:443,12
DA:444,12
DA:446,2
DA:447,2
DA:449,2
DA:452,0
DA:453,0
DA:455,0
DA:459,0
DA:460,0
DA:461,0
DA:462,0
DA:463,0
DA:464,0
DA:467,0
DA:468,0
DA:469,0
DA:470,0
DA:472,0
DA:473,0
DA:474,0
DA:475,0
DA:480,0
DA:481,0
DA:482,0
DA:483,0
DA:485,0
DA:486,0
DA:487,0
DA:493,2
DA:494,0
DA:495,0
DA:496,2
DA:497,2
DA:498,2
DA:499,2
DA:500,2
DA:502,2
DA:503,2
DA:504,0
DA:505,0
DA:509,22
DA:512,22
DA:568,66
DA:572,66
DA:573,66
DA:575,66
DA:576,66
DA:578,66
DA:580,66
DA:581,66
DA:582,66
DA:584,66
DA:588,332
DA:591,332
DA:593,0
DA:594,0
DA:595,0
DA:596,0
DA:598,332
DA:601,0
DA:605,0
DA:606,0
DA:607,0
DA:609,0
DA:610,0
DA:611,0
DA:614,0
DA:617,0
DA:618,0
DA:619,0
DA:620,0
DA:623,310
DA:625,310
DA:629,44
DA:631,44
DA:635,66
DA:637,66
DA:646,66
DA:647,66
DA:648,66
DA:649,66
DA:651,0
DA:655,66
DA:658,88
DA:661,88
DA:662,88
DA:663,88
DA:664,88
DA:665,88
DA:666,88
DA:668,66
DA:669,66
DA:673,22
DA:674,22
DA:679,0
DA:681,88
DA:685,22
DA:687,22
DA:691,22
DA:693,22
DA:695,22
DA:696,22
DA:698,0
DA:700,22
DA:701,22
DA:703,22
DA:706,22
DA:708,22
DA:712,22
DA:714,0
DA:715,0
DA:716,0
DA:718,22
DA:747,22
DA:754,46
DA:758,22
DA:761,46
DA:763,24
DA:765,24
DA:766,0
DA:767,24
DA:769,0
DA:776,0
DA:777,0
DA:778,0
DA:779,0
DA:780,0
DA:782,0
DA:783,0
DA:784,0
DA:785,0
DA:786,0
DA:787,0
DA:789,0
DA:791,0
DA:792,0
DA:794,0
DA:796,0
DA:797,0
DA:798,0
DA:799,0
DA:800,0
DA:802,0
DA:803,0
DA:806,0
DA:807,0
DA:809,0
DA:810,0
DA:811,0
DA:813,0
DA:815,0
DA:818,0
DA:819,0
DA:820,0
DA:822,0
DA:824,0
DA:827,24
DA:829,22
DA:831,22
DA:833,0
DA:835,0
DA:836,0
DA:837,0
DA:838,0
DA:839,0
DA:840,0
DA:841,0
DA:842,0
DA:843,0
DA:844,0
DA:845,0
DA:846,0
DA:847,0
DA:848,0
DA:849,0
DA:850,0
DA:851,0
DA:852,0
DA:853,0
DA:854,0
DA:855,0
DA:856,0
DA:857,0
DA:858,0
DA:859,0
DA:860,0
DA:861,0
DA:862,0
DA:863,0
DA:864,0
DA:865,0
DA:866,0
DA:867,0
DA:868,0
DA:869,0
DA:870,0
DA:871,0
DA:872,0
DA:873,0
DA:874,0
DA:875,0
DA:876,0
DA:877,0
DA:878,0
DA:879,0
DA:880,0
DA:881,0
DA:882,0
DA:883,0
DA:884,0
DA:885,0
DA:886,0
DA:887,0
DA:888,0
DA:889,0
DA:890,0
DA:891,0
DA:892,0
DA:893,0
DA:894,0
DA:895,0
DA:896,0
DA:897,0
DA:898,0
DA:899,0
DA:900,0
DA:901,0
DA:902,0
DA:903,0
DA:904,0
DA:905,0
DA:906,0
DA:907,0
DA:908,0
DA:909,0
DA:910,0
DA:911,0
DA:912,0
DA:913,0
DA:914,0
DA:915,0
DA:916,0
DA:917,0
DA:918,0
DA:919,0
DA:920,0
DA:921,0
DA:922,0
DA:923,0
DA:924,0
DA:925,0
DA:926,0
DA:927,0
DA:928,0
DA:929,0
DA:930,0
DA:931,0
DA:932,0
DA:933,0
DA:934,0
DA:935,0
DA:936,0
DA:937,0
DA:938,0
DA:939,0
DA:940,0
DA:941,0
DA:942,0
DA:943,0
DA:944,0
DA:945,0
DA:946,0
DA:947,0
DA:948,0
DA:949,0
DA:950,0
DA:951,0
DA:952,0
DA:953,0
DA:954,0
DA:955,0
DA:956,0
DA:957,0
DA:958,0
DA:959,0
DA:960,0
DA:961,0
DA:962,0
DA:963,0
DA:964,0
DA:965,0
DA:966,0
DA:967,0
DA:968,0
DA:969,0
DA:970,0
DA:971,0
DA:972,0
DA:973,0
DA:974,0
DA:975,0
DA:976,0
DA:977,0
DA:978,0
DA:979,0
DA:980,0
DA:981,0
DA:982,0
DA:983,0
DA:984,0
DA:985,0
DA:986,0
DA:987,0
DA:988,0
DA:989,0
DA:990,0
DA:991,0
DA:992,0
DA:993,0
DA:994,0
DA:995,0
DA:996,0
DA:997,0
DA:998,0
DA:999,0
DA:1000,0
DA:1001,0
DA:1002,0
DA:1003,0
DA:1004,0
DA:1005,0
DA:1006,0
DA:1007,0
DA:1008,0
DA:1009,0
DA:1010,0
DA:1011,0
DA:1012,0
DA:1013,0
DA:1014,0
DA:1015,0
DA:1016,0
DA:1017,0
DA:1018,0
DA:1019,0
DA:1020,0
DA:1021,0
DA:1022,0
DA:1023,0
DA:1024,0
DA:1025,0
DA:1026,0
DA:1027,0
DA:1028,0
DA:1029,0
DA:1030,0
DA:1031,0
DA:1032,0
DA:1033,0
DA:1034,0
DA:1035,0
DA:1036,0
DA:1037,0
DA:1038,0
DA:1039,0
DA:1040,0
DA:1041,0
DA:1042,0
DA:1043,0
DA:1044,0
DA:1045,0
DA:1046,0
LF:493
LH:166
end_of_record
TN:
SF:/home/taha/Documents/tsk-linux/sleuthkit/tools/vstools/.libs/lt-mmls.c
FN:175,328,main
FN:331,338,xmalloc
FN:341,345,xstrdup
FN:348,362,base_name
FN:365,379,check_executable
FN:382,397,make_executable
FN:404,506,find_executable
FN:509,565,chase_symlinks
FN:568,585,strendzap
FN:588,598,lt_debugprintf
FN:601,611,lt_error_core
FN:614,620,lt_fatal
FN:623,626,nonnull
FN:629,632,nonempty
FN:635,655,lt_setenv
FN:658,682,lt_extend_str
FN:685,703,lt_update_exe_path
FN:706,718,lt_update_lib_path
FN:747,832,prepare_spawn
FN:833,1046,lt_dump_script
FNDA:53,main
FNDA:942,xmalloc
FNDA:382,xstrdup
FNDA:159,base_name
FNDA:53,check_executable
FNDA:0,make_executable
FNDA:53,find_executable
FNDA:53,chase_symlinks
FNDA:159,strendzap
FNDA:889,lt_debugprintf
FNDA:0,lt_error_core
FNDA:0,lt_fatal
FNDA:836,nonnull
FNDA:106,nonempty
FNDA:159,lt_setenv
FNDA:212,lt_extend_str
FNDA:53,lt_update_exe_path
FNDA:53,lt_update_lib_path
FNDA:53,prepare_spawn
FNDA:0,lt_dump_script
FNF:20
FNH:16
DA:175,53
DA:184,53
DA:188,53
DA:189,53
DA:195,53
DA:196,147
DA:198,94
DA:200,0
DA:201,0
DA:202,0
DA:204,94
DA:206,0
DA:207,0
DA:209,94
DA:220,0
DA:222,0
DA:225,94
DA:227,53
DA:230,53
DA:231,53
DA:232,53
DA:234,53
DA:235,53
DA:236,0
DA:237,53
DA:241,53
DA:242,53
DA:245,53
DA:247,53
DA:248,53
DA:251,53
DA:252,53
DA:253,53
DA:254,53
DA:255,53
DA:258,53
DA:259,53
DA:260,53
DA:261,53
DA:262,53
DA:263,53
DA:265,53
DA:268,53
DA:269,53
DA:271,53
DA:272,53
DA:273,53
DA:275,53
DA:278,53
DA:281,53
DA:282,53
DA:283,53
DA:286,387
DA:288,334
DA:290,387
DA:292,334
DA:295,53
DA:296,53
DA:297,53
DA:299,53
DA:300,53
DA:305,53
DA:306,53
DA:308,53
DA:310,200
DA:312,147
DA:313,147
DA:317,53
DA:318,53
DA:319,53
DA:322,0
DA:324,0
DA:325,0
DA:327,53
DA:331,942
DA:333,942
DA:334,942
DA:335,0
DA:337,942
DA:341,382
DA:343,382
DA:344,764
DA:348,159
DA:354,159
DA:355,76
DA:358,6031
DA:359,5872
DA:360,668
DA:361,159
DA:365,53
DA:369,53
DA:371,53
DA:372,0
DA:374,53
DA:375,53
DA:376,53
DA:378,0
DA:382,0
DA:384,0
DA:387,0
DA:389,0
DA:390,0
DA:392,0
DA:394,0
DA:396,0
DA:404,53
DA:406,53
DA:414,53
DA:417,53
DA:418,0
DA:422,53
DA:424,23
DA:425,23
DA:426,23
DA:427,0
DA:432,30
DA:434,0
DA:435,0
DA:436,0
DA:437,0
DA:443,180
DA:444,180
DA:446,30
DA:447,30
DA:449,30
DA:452,0
DA:453,0
DA:455,0
DA:459,0
DA:460,0
DA:461,0
DA:462,0
DA:463,0
DA:464,0
DA:467,0
DA:468,0
DA:469,0
DA:470,0
DA:472,0
DA:473,0
DA:474,0
DA:475,0
DA:480,0
DA:481,0
DA:482,0
DA:483,0
DA:485,0
DA:486,0
DA:487,0
DA:493,30
DA:494,0
DA:495,0
DA:496,30
DA:497,30
DA:498,30
DA:499,30
DA:500,30
DA:502,30
DA:503,30
DA:504,0
DA:505,0
DA:509,53
DA:512,53
DA:568,159
DA:572,159
DA:573,159
DA:575,159
DA:576,159
DA:578,159
DA:580,159
DA:581,159
DA:582,159
DA:584,159
DA:588,889
DA:591,889
DA:593,0
DA:594,0
DA:595,0
DA:596,0
DA:598,889
DA:601,0
DA:605,0
DA:606,0
DA:607,0
DA:609,0
DA:610,0
DA:611,0
DA:614,0
DA:617,0
DA:618,0
DA:619,0
DA:620,0
DA:623,836
DA:625,836
DA:629,106
DA:631,106
DA:635,159
DA:637,159
DA:646,159
DA:647,159
DA:648,159
DA:649,159
DA:651,0
DA:655,159
DA:658,212
DA:661,212
DA:662,212
DA:663,212
DA:664,212
DA:665,212
DA:666,212
DA:668,159
DA:669,159
DA:673,53
DA:674,53
DA:679,0
DA:681,212
DA:685,53
DA:687,53
DA:691,53
DA:693,53
DA:695,53
DA:696,53
DA:698,0
DA:700,53
DA:701,53
DA:703,53
DA:706,53
DA:708,53
DA:712,53
DA:714,0
DA:715,0
DA:716,0
DA:718,53
DA:747,53
DA:754,200
DA:758,53
DA:761,200
DA:763,147
DA:765,147
DA:766,0
DA:767,147
DA:769,0
DA:776,0
DA:777,0
DA:778,0
DA:779,0
DA:780,0
DA:782,0
DA:783,0
DA:784,0
DA:785,0
DA:786,0
DA:787,0
DA:789,0
DA:791,0
DA:792,0
DA:794,0
DA:796,0
DA:797,0
DA:798,0
DA:799,0
DA:800,0
DA:802,0
DA:803,0
DA:806,0
DA:807,0
DA:809,0
DA:810,0
DA:811,0
DA:813,0
DA:815,0
DA:818,0
DA:819,0
DA:820,0
DA:822,0
DA:824,0
DA:827,147
DA:829,53
DA:831,53
DA:833,0
DA:835,0
DA:836,0
DA:837,0
DA:838,0
DA:839,0
DA:840,0
DA:841,0
DA:842,0
DA:843,0
DA:844,0
DA:845,0
DA:846,0
DA:847,0
DA:848,0
DA:849,0
DA:850,0
DA:851,0
DA:852,0
DA:853,0
DA:854,0
DA:855,0
DA:856,0
DA:857,0
DA:858,0
DA:859,0
DA:860,0
DA:861,0
DA:862,0
DA:863,0
DA:864,0
DA:865,0
DA:866,0
DA:867,0
DA:868,0
DA:869,0
DA:870,0
DA:871,0
DA:872,0
DA:873,0
DA:874,0
DA:875,0
DA:876,0
DA:877,0
DA:878,0
DA:879,0
DA:880,0
DA:881,0
DA:882,0
DA:883,0
DA:884,0
DA:885,0
DA:886,0
DA:887,0
DA:888,0
DA:889,0
DA:890,0
DA:891,0
DA:892,0
DA:893,0
DA:894,0
DA:895,0
DA:896,0
DA:897,0
DA:898,0
DA:899,0
DA:900,0
DA:901,0
DA:902,0
DA:903,0
DA:904,0
DA:905,0
DA:906,0
DA:907,0
DA:908,0
DA:909,0
DA:910,0
DA:911,0
DA:912,0
DA:913,0
DA:914,0
DA:915,0
DA:916,0
DA:917,0
DA:918,0
DA:919,0
DA:920,0
DA:921,0
DA:922,0
DA:923,0
DA:924,0
DA:925,0
DA:926,0
DA:927,0
DA:928,0
DA:929,0
DA:930,0
DA:931,0
DA:932,0
DA:933,0
DA:934,0
DA:935,0
DA:936,0
DA:937,0
DA:938,0
DA:939,0
DA:940,0
DA:941,0
DA:942,0
DA:943,0
DA:944,0
DA:945,0
DA:946,0
DA:947,0
DA:948,0
DA:949,0
DA:950,0
DA:951,0
DA:952,0
DA:953,0
DA:954,0
DA:955,0
DA:956,0
DA:957,0
DA:958,0
DA:959,0
DA:960,0
DA:961,0
DA:962,0
DA:963,0
DA:964,0
DA:965,0
DA:966,0
DA:967,0
DA:968,0
DA:969,0
DA:970,0
DA:971,0
DA:972,0
DA:973,0
DA:974,0
DA:975,0
DA:976,0
DA:977,0
DA:978,0
DA:979,0
DA:980,0
DA:981,0
DA:982,0
DA:983,0
DA:984,0
DA:985,0
DA:986,0
DA:987,0
DA:988,0
DA:989,0
DA:990,0
DA:991,0
DA:992,0
DA:993,0
DA:994,0
DA:995,0
DA:996,0
DA:997,0
DA:998,0
DA:999,0
DA:1000,0
DA:1001,0
DA:1002,0
DA:1003,0
DA:1004,0
DA:1005,0
DA:1006,0
DA:1007,0
DA:1008,0
DA:1009,0
DA:1010,0
DA:1011,0
DA:1012,0
DA:1013,0
DA:1014,0
DA:1015,0
DA:1016,0
DA:1017,0
DA:1018,0
DA:1019,0
DA:1020,0
DA:1021,0
DA:1022,0
DA:1023,0
DA:1024,0
DA:1025,0
DA:1026,0
DA:1027,0
DA:1028,0
DA:1029,0
DA:1030,0
DA:1031,0
DA:1032,0
DA:1033,0
DA:1034,0
DA:1035,0
DA:1036,0
DA:1037,0
DA:1038,0
DA:1039,0
DA:1040,0
DA:1041,0
DA:1042,0
DA:1043,0
DA:1044,0
DA:1045,0
DA:1046,0
LF:493
LH:166
end_of_record
TN:
SF:/home/taha/Documents/tsk-linux/sleuthkit/tsk/base/XGetopt.c
FN:162,218,tsk_getopt
FNDA:108,tsk_getopt
FNF:1
FNH:1
DA:162,108
DA:166,108
DA:167,56
DA:169,108
DA:171,108
DA:172,108
DA:173,56
DA:175,108
DA:176,56
DA:177,52
DA:178,52
DA:179,46
DA:180,52
DA:183,56
DA:184,0
DA:185,0
DA:186,0
DA:187,0
DA:188,0
DA:191,56
DA:192,56
DA:193,56
DA:196,56
DA:197,56
DA:199,56
DA:200,0
DA:202,56
DA:203,56
DA:204,18
DA:205,0
DA:206,0
DA:208,18
DA:209,18
DA:210,18
DA:213,0
DA:217,56
LF:36
LH:27
end_of_record
TN:
SF:/home/taha/Documents/tsk-linux/sleuthkit/tsk/base/md5c.c
FN:108,117,TSK_MD5_Init
FN:127,162,TSK_MD5_Update
FN:172,194,TSK_MD5_Final
FN:199,285,MD5Transform
FN:291,301,Encode
FN:307,315,Decode
FN:321,327,MD5_memcpy
FN:332,338,MD5_memset
FNDA:214,TSK_MD5_Init
FNDA:19956,TSK_MD5_Update
FNDA:214,TSK_MD5_Final
FNDA:629058,MD5Transform
FNDA:428,Encode
FNDA:629058,Decode
FNDA:39672,MD5_memcpy
FNDA:629272,MD5_memset
FNF:8
FNH:8
DA:108,214
DA:110,214
DA:113,214
DA:114,214
DA:115,214
DA:116,214
DA:117,214
DA:127,19956
DA:133,19956
DA:136,19956
DA:137,19956
DA:138,0
DA:139,19956
DA:141,19956
DA:145,19956
DA:146,19716
DA:148,19716
DA:150,629058
DA:151,609342
DA:153,19716
DA:156,240
DA:159,19956
DA:160,19956
DA:162,19956
DA:172,214
DA:178,214
DA:182,214
DA:183,214
DA:184,214
DA:187,214
DA:189,214
DA:193,214
DA:194,214
DA:199,629058
DA:201,629058
DA:203,629058
DA:206,629058
DA:207,629058
DA:208,629058
DA:209,629058
DA:210,629058
DA:211,629058
DA:212,629058
DA:213,629058
DA:214,629058
DA:215,629058
DA:216,629058
DA:217,629058
DA:218,629058
DA:219,629058
DA:220,629058
DA:221,629058
DA:224,629058
DA:225,629058
DA:226,629058
DA:227,629058
DA:228,629058
DA:229,629058
DA:230,629058
DA:231,629058
DA:232,629058
DA:233,629058
DA:234,629058
DA:235,629058
DA:236,629058
DA:237,629058
DA:238,629058
DA:239,629058
DA:242,629058
DA:243,629058
DA:244,629058
DA:245,629058
DA:246,629058
DA:247,629058
DA:248,629058
DA:249,629058
DA:250,629058
DA:251,629058
DA:252,629058
DA:253,629058
DA:254,629058
DA:255,629058
DA:256,629058
DA:257,629058
DA:260,629058
DA:261,629058
DA:262,629058
DA:263,629058
DA:264,629058
DA:265,629058
DA:266,629058
DA:267,629058
DA:268,629058
DA:269,629058
DA:270,629058
DA:271,629058
DA:272,629058
DA:273,629058
DA:274,629058
DA:275,629058
DA:277,629058
DA:278,629058
DA:279,629058
DA:280,629058
DA:284,629058
DA:285,629058
DA:291,428
DA:295,1712
DA:296,1284
DA:297,1284
DA:298,1284
DA:299,1284
DA:301,428
DA:307,629058
DA:311,10693986
DA:312,10064928
DA:313,10064928
DA:315,629058
DA:321,39672
DA:325,1301496
DA:326,1261824
DA:327,39672
DA:332,629272
DA:336,40907816
DA:337,40278544
DA:338,629272
LF:126
LH:125
end_of_record
TN:
SF:/home/taha/Documents/tsk-linux/sleuthkit/tsk/base/mymalloc.c
FN:28,39,tsk_malloc
FN:43,57,tsk_realloc
FNDA:57370,tsk_malloc
FNDA:3166,tsk_realloc
FNF:2
FNH:2
DA:28,57370
DA:32,57370
DA:33,0
DA:34,0
DA:35,0
DA:38,57370
DA:43,3166
DA:46,3166
DA:47,3166
DA:48,0
DA:49,0
DA:50,0
DA:51,0
DA:54,3166
DA:56,3166
LF:15
LH:8
end_of_record
TN:
SF:/home/taha/Documents/tsk-linux/sleuthkit/tsk/base/sha1c.c
FN:119,129,endianTest
FN:137,149,TSK_SHA_Init
FN:160,264,SHSTransform
FN:270,283,longReverse
FN:293,334,TSK_SHA_Update
FN:337,347,SHAtoByte
FN:356,399,TSK_SHA_Final
FNDA:214,endianTest
FNDA:214,TSK_SHA_Init
FNDA:629058,SHSTransform
FNDA:629058,longReverse
FNDA:19528,TSK_SHA_Update
FNDA:214,SHAtoByte
FNDA:214,TSK_SHA_Final
FNF:7
FNH:7
DA:119,214
DA:121,214
DA:123,0
DA:127,214
DA:129,214
DA:137,214
DA:139,214
DA:141,214
DA:142,214
DA:143,214
DA:144,214
DA:145,214
DA:148,214
DA:149,214
DA:160,629058
DA:166,629058
DA:167,629058
DA:168,629058
DA:169,629058
DA:170,629058
DA:171,629058
DA:174,629058
DA:175,629058
DA:176,629058
DA:177,629058
DA:178,629058
DA:179,629058
DA:180,629058
DA:181,629058
DA:182,629058
DA:183,629058
DA:184,629058
DA:185,629058
DA:186,629058
DA:187,629058
DA:188,629058
DA:189,629058
DA:190,629058
DA:191,629058
DA:192,629058
DA:193,629058
DA:195,629058
DA:196,629058
DA:197,629058
DA:198,629058
DA:199,629058
DA:200,629058
DA:201,629058
DA:202,629058
DA:203,629058
DA:204,629058
DA:205,629058
DA:206,629058
DA:207,629058
DA:208,629058
DA:209,629058
DA:210,629058
DA:211,629058
DA:212,629058
DA:213,629058
DA:214,629058
DA:216,629058
DA:217,629058
DA:218,629058
DA:219,629058
DA:220,629058
DA:221,629058
DA:222,629058
DA:223,629058
DA:224,629058
DA:225,629058
DA:226,629058
DA:227,629058
DA:228,629058
DA:229,629058
DA:230,629058
DA:231,629058
DA:232,629058
DA:233,629058
DA:234,629058
DA:235,629058
DA:237,629058
DA:238,629058
DA:239,629058
DA:240,629058
DA:241,629058
DA:242,629058
DA:243,629058
DA:244,629058
DA:245,629058
DA:246,629058
DA:247,629058
DA:248,629058
DA:249,629058
DA:250,629058
DA:251,629058
DA:252,629058
DA:253,629058
DA:254,629058
DA:255,629058
DA:256,629058
DA:259,629058
DA:260,629058
DA:261,629058
DA:262,629058
DA:263,629058
DA:264,629058
DA:270,629058
DA:274,629058
DA:275,0
DA:276,629058
DA:277,10693558
DA:278,10064500
DA:279,10064500
DA:280,10064500
DA:281,10064500
DA:293,19528
DA:299,19528
DA:300,19528
DA:301,0
DA:302,19528
DA:305,19528
DA:308,19528
DA:309,0
DA:311,0
DA:312,0
DA:313,0
DA:314,0
DA:316,0
DA:317,0
DA:318,0
DA:319,0
DA:320,0
DA:324,648350
DA:325,628822
DA:326,628822
DA:327,628822
DA:328,628822
DA:329,628822
DA:333,19528
DA:337,214
DA:341,1284
DA:342,1070
DA:343,1070
DA:344,1070
DA:345,1070
DA:347,214
DA:356,214
DA:362,214
DA:363,214
DA:367,214
DA:368,214
DA:371,214
DA:374,214
DA:376,22
DA:377,22
DA:378,22
DA:381,22
DA:385,192
DA:388,214
DA:389,214
DA:391,214
DA:392,214
DA:395,214
DA:398,214
DA:399,214
LF:166
LH:153
end_of_record
TN:
SF:/home/taha/Documents/tsk-linux/sleuthkit/tsk/base/tsk_endian.c
FN:34,50,tsk_guess_end_u16
FN:61,76,tsk_guess_end_u32
FN:87,102,tsk_guess_end_u64
FNDA:1044,tsk_guess_end_u16
FNDA:300,tsk_guess_end_u32
FNDA:336,tsk_guess_end_u64
FNF:3
FNH:3
DA:34,1044
DA:37,1044
DA:38,456
DA:39,456
DA:43,588
DA:44,4
DA:45,4
DA:49,584
DA:61,300
DA:64,300
DA:65,0
DA:66,0
DA:70,300
DA:71,52
DA:72,52
DA:75,248
DA:87,336
DA:90,336
DA:91,0
DA:92,0
DA:96,336
DA:97,0
DA:98,0
DA:101,336
LF:24
LH:18
end_of_record
TN:
SF:/home/taha/Documents/tsk-linux/sleuthkit/tsk/base/tsk_error.c
FN:124,128,tsk_error_get_info
FN:191,292,tsk_error_get
FN:300,303,tsk_error_get_errno
FN:311,314,tsk_error_set_errno
FN:324,327,tsk_error_get_errstr
FN:335,345,tsk_error_set_errstr
FN:354,361,tsk_error_vset_errstr
FN:370,373,tsk_error_get_errstr2
FN:382,389,tsk_error_set_errstr2
FN:398,402,tsk_error_vset_errstr2
FN:410,422,tsk_error_errstr2_concat
FN:434,436,tsk_error_set_error_listener
FN:445,460,tsk_error_print
FN:467,477,tsk_error_reset
FNDA:16408,tsk_error_get_info
FNDA:4,tsk_error_get
FNDA:626,tsk_error_get_errno
FNDA:3078,tsk_error_set_errno
FNDA:22,tsk_error_get_errstr
FNDA:3016,tsk_error_set_errstr
FNDA:52,tsk_error_vset_errstr
FNDA:8,tsk_error_get_errstr2
FNDA:164,tsk_error_set_errstr2
FNDA:0,tsk_error_vset_errstr2
FNDA:0,tsk_error_errstr2_concat
FNDA:0,tsk_error_set_error_listener
FNDA:0,tsk_error_print
FNDA:9434,tsk_error_reset
FNF:14
FNH:10
DA:124,16408
DA:126,16408
DA:127,16408
DA:191,4
DA:193,4
DA:194,4
DA:195,4
DA:196,4
DA:198,4
DA:199,0
DA:202,4
DA:203,4
DA:204,0
DA:205,0
DA:207,0
DA:209,0
DA:213,4
DA:214,0
DA:215,0
DA:217,0
DA:219,0
DA:223,4
DA:224,0
DA:225,0
DA:227,0
DA:229,0
DA:233,4
DA:234,4
DA:235,4
DA:237,4
DA:239,0
DA:243,0
DA:244,0
DA:245,0
DA:247,0
DA:249,0
DA:253,0
DA:254,0
DA:255,0
DA:257,0
DA:259,0
DA:263,0
DA:264,0
DA:265,0
DA:267,0
DA:269,0
DA:274,0
DA:277,4
DA:280,4
DA:281,0
DA:282,0
DA:283,0
DA:286,4
DA:287,4
DA:288,4
DA:289,4
DA:291,4
DA:300,626
DA:302,626
DA:311,3078
DA:313,3078
DA:314,3078
DA:324,22
DA:326,22
DA:335,3016
DA:338,3016
DA:339,3016
DA:341,3016
DA:342,3016
DA:343,0
DA:345,3016
DA:354,52
DA:356,52
DA:358,52
DA:359,0
DA:361,52
DA:370,8
DA:372,8
DA:382,164
DA:385,164
DA:386,164
DA:388,164
DA:389,164
DA:398,0
DA:400,0
DA:402,0
DA:410,0
DA:412,0
DA:413,0
DA:414,0
DA:416,0
DA:417,0
DA:418,0
DA:419,0
DA:420,0
DA:422,0
DA:434,0
DA:435,0
DA:436,0
DA:445,0
DA:448,0
DA:449,0
DA:451,0
DA:452,0
DA:453,0
DA:456,0
DA:467,9434
DA:469,9434
DA:471,9434
DA:472,9434
DA:473,9434
DA:474,9434
DA:475,9434
DA:477,9434
LF:114
LH:56
end_of_record
TN:
SF:/home/taha/Documents/tsk-linux/sleuthkit/tsk/base/tsk_list.c
FN:169,187,tsk_list_find
FN:195,204,tsk_list_free
FN:24,36,tsk_list_create
FN:46,159,tsk_list_add
FNDA:46,tsk_list_find
FNDA:80,tsk_list_free
FNDA:28,tsk_list_create
FNDA:56,tsk_list_add
FNF:4
FNH:4
DA:24,28
DA:27,28
DA:28,0
DA:31,28
DA:32,28
DA:33,28
DA:35,28
DA:46,56
DA:51,56
DA:57,18
DA:58,0
DA:60,18
DA:61,18
DA:65,38
DA:74,12
DA:75,8
DA:76,8
DA:80,4
DA:81,0
DA:82,4
DA:83,4
DA:85,12
DA:88,26
DA:89,6
DA:94,20
DA:95,30
DA:98,30
DA:99,0
DA:102,30
DA:104,0
DA:106,0
DA:108,0
DA:109,0
DA:114,30
DA:123,0
DA:124,0
DA:125,0
DA:127,0
DA:130,30
DA:131,2
DA:132,2
DA:133,2
DA:136,28
DA:146,6
DA:147,0
DA:149,6
DA:150,6
DA:151,6
DA:153,22
DA:154,12
DA:156,10
DA:158,0
DA:169,46
DA:173,46
DA:174,122
DA:177,108
DA:178,32
DA:181,76
DA:182,0
DA:184,76
DA:186,14
DA:195,80
DA:199,108
DA:200,28
DA:201,28
DA:202,28
DA:204,80
LF:67
LH:52
end_of_record
TN:
SF:/home/taha/Documents/tsk-linux/sleuthkit/tsk/base/tsk_lock.c
FN:17,20,tsk_init_lock
FN:23,26,tsk_deinit_lock
FN:29,32,tsk_take_lock
FN:35,38,tsk_release_lock
FNDA:1812,tsk_init_lock
FNDA:2022,tsk_deinit_lock
FNDA:1889789,tsk_take_lock
FNDA:1889789,tsk_release_lock
FNF:4
FNH:4
DA:17,1812
DA:19,1812
DA:20,1812
DA:23,2022
DA:25,2022
DA:26,2022
DA:29,1889789
DA:31,1889789
DA:32,1889789
DA:35,1889789
DA:37,1889789
DA:38,1889789
LF:12
LH:12
end_of_record
TN:
SF:/home/taha/Documents/tsk-linux/sleuthkit/tsk/base/tsk_parse.c
FN:28,78,tsk_parse_offset
FN:93,111,tsk_parse_pnum
FNDA:0,tsk_parse_offset
FNDA:0,tsk_parse_pnum
FNF:2
FNH:0
DA:28,0
DA:34,0
DA:35,0
DA:37,0
DA:38,0
DA:39,0
DA:40,0
DA:42,0
DA:46,0
DA:47,0
DA:50,0
DA:51,0
DA:52,0
DA:53,0
DA:56,0
DA:59,0
DA:62,0
DA:63,0
DA:65,0
DA:66,0
DA:67,0
DA:68,0
DA:69,0
DA:70,0
DA:71,0
DA:73,0
DA:77,0
DA:93,0
DA:97,0
DA:98,0
DA:101,0
DA:102,0
DA:103,0
DA:104,0
DA:105,0
DA:107,0
DA:110,0
LF:37
LH:0
end_of_record
TN:
SF:/home/taha/Documents/tsk-linux/sleuthkit/tsk/base/tsk_printf.c
FN:113,128,tsk_printf
FN:140,160,tsk_print_sanitized
FN:34,72,tsk_printf_conv
FN:86,101,tsk_fprintf
FNDA:14626,tsk_printf
FNDA:10,tsk_print_sanitized
FNDA:15798,tsk_printf_conv
FNDA:1172,tsk_fprintf
FNF:4
FNH:4
DA:34,15798
DA:42,15798
DA:45,15798
DA:46,15798
DA:47,0
DA:53,15798
DA:55,15798
DA:58,15798
DA:59,15798
DA:60,15798
DA:61,15798
DA:62,15798
DA:63,15798
DA:64,0
DA:65,0
DA:66,0
DA:70,15798
DA:71,15798
DA:86,1172
DA:89,1172
DA:94,1172
DA:95,1172
DA:100,1172
DA:101,1172
DA:113,14626
DA:116,14626
DA:121,14626
DA:122,14626
DA:127,14626
DA:128,14626
DA:140,10
DA:142,10
DA:143,10
DA:145,10
DA:146,10
DA:147,0
DA:149,10
DA:151,114
DA:152,104
DA:153,0
DA:155,10
DA:157,10
DA:159,10
LF:43
LH:37
end_of_record
TN:
SF:/home/taha/Documents/tsk-linux/sleuthkit/tsk/base/tsk_stack.c
FN:23,39,tsk_stack_create
FN:49,61,tsk_stack_push
FN:69,72,tsk_stack_pop
FN:82,91,tsk_stack_find
FN:99,103,tsk_stack_free
FNDA:148,tsk_stack_create
FNDA:272,tsk_stack_push
FNDA:272,tsk_stack_pop
FNDA:272,tsk_stack_find
FNDA:148,tsk_stack_free
FNF:5
FNH:5
DA:23,148
DA:26,148
DA:27,0
DA:30,148
DA:31,148
DA:32,148
DA:33,148
DA:35,0
DA:36,0
DA:38,148
DA:49,272
DA:51,272
DA:52,0
DA:53,0
DA:54,0
DA:55,0
DA:56,0
DA:59,272
DA:60,272
DA:69,272
DA:71,272
DA:72,272
DA:82,272
DA:86,312
DA:87,40
DA:88,0
DA:90,272
DA:99,148
DA:101,148
DA:102,148
DA:103,148
LF:31
LH:22
end_of_record
TN:
SF:/home/taha/Documents/tsk-linux/sleuthkit/tsk/base/tsk_unicode.c
FN:147,253,tsk_UTF16toUTF8
FN:267,367,tsk_UTF16toUTF8_lclorder
FN:370,470,tsk_UTF16WtoUTF8_lclorder
FN:486,537,isLegalUTF8
FN:546,553,tsk_isLegalUTF8Sequence
FN:562,584,tsk_cleanupUTF8
FN:596,627,tsk_cleanupUTF16
FN:645,739,tsk_UTF8toUTF16
FNDA:3920,tsk_UTF16toUTF8
FNDA:6,tsk_UTF16toUTF8_lclorder
FNDA:0,tsk_UTF16WtoUTF8_lclorder
FNDA:114780,isLegalUTF8
FNDA:0,tsk_isLegalUTF8Sequence
FNDA:0,tsk_cleanupUTF8
FNDA:0,tsk_cleanupUTF16
FNDA:15830,tsk_UTF8toUTF16
FNF:8
FNH:4
DA:147,3920
DA:151,3920
DA:152,3920
DA:153,3920
DA:155,35862
DA:157,31942
DA:158,31942
DA:159,31942
DA:160,31942
DA:163,31942
DA:164,31942
DA:167,31942
DA:169,0
DA:171,0
DA:172,0
DA:175,0
DA:176,0
DA:177,0
DA:179,0
DA:180,0
DA:181,0
DA:185,0
DA:189,0
DA:190,0
DA:191,0
DA:195,31942
DA:196,0
DA:197,0
DA:198,0
DA:199,0
DA:203,0
DA:208,31942
DA:209,31778
DA:211,164
DA:212,0
DA:214,164
DA:215,164
DA:217,0
DA:218,0
DA:221,0
DA:222,0
DA:225,31942
DA:226,31942
DA:227,0
DA:228,0
DA:229,0
DA:230,0
DA:232,31942
DA:233,0
DA:234,0
DA:235,0
DA:237,164
DA:238,164
DA:239,164
DA:241,164
DA:242,164
DA:243,164
DA:245,31942
DA:246,31942
DA:248,31942
DA:250,3920
DA:251,3920
DA:252,3920
DA:267,6
DA:271,6
DA:272,6
DA:273,6
DA:274,502
DA:276,496
DA:277,496
DA:278,496
DA:279,496
DA:280,496
DA:283,496
DA:285,0
DA:286,0
DA:287,0
DA:289,0
DA:290,0
DA:291,0
DA:293,0
DA:294,0
DA:295,0
DA:299,0
DA:303,0
DA:304,0
DA:305,0
DA:309,496
DA:310,0
DA:311,0
DA:312,0
DA:313,0
DA:317,0
DA:322,496
DA:323,496
DA:325,0
DA:326,0
DA:328,0
DA:329,0
DA:331,0
DA:332,0
DA:335,0
DA:336,0
DA:339,496
DA:340,496
DA:341,0
DA:342,0
DA:343,0
DA:344,0
DA:346,496
DA:347,0
DA:348,0
DA:349,0
DA:351,0
DA:352,0
DA:353,0
DA:355,0
DA:356,0
DA:357,0
DA:359,496
DA:360,496
DA:362,496
DA:364,6
DA:365,6
DA:366,6
DA:370,0
DA:374,0
DA:375,0
DA:376,0
DA:377,0
DA:379,0
DA:380,0
DA:381,0
DA:382,0
DA:383,0
DA:386,0
DA:388,0
DA:389,0
DA:390,0
DA:392,0
DA:393,0
DA:394,0
DA:396,0
DA:397,0
DA:398,0
DA:402,0
DA:406,0
DA:407,0
DA:408,0
DA:412,0
DA:413,0
DA:414,0
DA:415,0
DA:416,0
DA:420,0
DA:425,0
DA:426,0
DA:428,0
DA:429,0
DA:431,0
DA:432,0
DA:434,0
DA:435,0
DA:438,0
DA:439,0
DA:442,0
DA:443,0
DA:444,0
DA:445,0
DA:446,0
DA:447,0
DA:449,0
DA:450,0
DA:451,0
DA:452,0
DA:454,0
DA:455,0
DA:456,0
DA:458,0
DA:459,0
DA:460,0
DA:462,0
DA:463,0
DA:465,0
DA:467,0
DA:468,0
DA:469,0
DA:486,114780
DA:489,114780
DA:490,114780
DA:491,0
DA:492,0
DA:494,0
DA:495,0
DA:496,0
DA:499,0
DA:500,0
DA:503,0
DA:504,0
DA:506,0
DA:508,0
DA:509,0
DA:510,0
DA:511,0
DA:512,0
DA:513,0
DA:514,0
DA:515,0
DA:516,0
DA:517,0
DA:518,0
DA:519,0
DA:520,0
DA:521,0
DA:522,0
DA:523,0
DA:524,0
DA:525,0
DA:526,0
DA:531,114780
DA:532,0
DA:534,114780
DA:535,0
DA:536,114780
DA:546,0
DA:548,0
DA:549,0
DA:550,0
DA:552,0
DA:562,0
DA:564,0
DA:565,0
DA:567,0
DA:568,0
DA:569,0
DA:570,0
DA:571,0
DA:572,0
DA:574,0
DA:576,0
DA:578,0
DA:579,0
DA:582,0
DA:584,0
DA:596,0
DA:598,0
DA:599,0
DA:600,0
DA:603,0
DA:605,0
DA:606,0
DA:609,0
DA:611,0
DA:614,0
DA:618,0
DA:622,0
DA:623,0
DA:625,0
DA:627,0
DA:645,15830
DA:649,15830
DA:650,15830
DA:651,15830
DA:652,130610
DA:653,114780
DA:654,114780
DA:655,114780
DA:656,0
DA:657,0
DA:660,114780
DA:661,0
DA:662,0
DA:667,114780
DA:668,0
DA:669,0
DA:670,0
DA:672,0
DA:673,0
DA:674,0
DA:676,0
DA:677,0
DA:678,0
DA:680,0
DA:681,0
DA:682,0
DA:684,0
DA:685,0
DA:686,0
DA:688,114780
DA:689,114780
DA:691,114780
DA:693,114780
DA:694,0
DA:695,0
DA:696,0
DA:698,114780
DA:700,114780
DA:701,0
DA:702,0
DA:703,0
DA:704,0
DA:707,0
DA:711,114780
DA:714,0
DA:715,0
DA:716,0
DA:717,0
DA:718,0
DA:721,0
DA:726,0
DA:727,0
DA:728,0
DA:729,0
DA:731,0
DA:732,0
DA:733,0
DA:736,15830
DA:737,15830
DA:738,15830
LF:319
LH:82
end_of_record
TN:
SF:/home/taha/Documents/tsk-linux/sleuthkit/tsk/base/tsk_version.c
FN:22,26,tsk_version_print
FN:34,37,tsk_version_get_str
FNDA:0,tsk_version_print
FNDA:0,tsk_version_get_str
FNF:2
FNH:0
DA:22,0
DA:24,0
DA:25,0
DA:34,0
DA:36,0
LF:5
LH:0
end_of_record
TN:
SF:/home/taha/Documents/tsk-linux/sleuthkit/tsk/fs/fatfs_utils.c
FN:137,198,fatfs_dos_2_unix_time
FN:210,214,fatfs_dos_2_nanosec
FN:223,237,fatfs_cleanup_ascii
FN:261,321,fatfs_utf16_inode_str_2_utf8
FN:34,55,fatfs_ptr_arg_is_null
FN:67,83,fatfs_inum_is_in_range
FN:99,123,fatfs_inum_arg_is_in_range
FNDA:1090,fatfs_dos_2_unix_time
FNDA:208,fatfs_dos_2_nanosec
FNDA:456,fatfs_cleanup_ascii
FNDA:0,fatfs_utf16_inode_str_2_utf8
FNDA:6360,fatfs_ptr_arg_is_null
FNDA:1168,fatfs_inum_is_in_range
FNDA:1018,fatfs_inum_arg_is_in_range
FNF:7
FNH:6
DA:34,6360
DA:36,6360
DA:38,6360
DA:39,6360
DA:41,6360
DA:42,0
DA:43,0
DA:44,0
DA:45,0
DA:48,0
DA:51,0
DA:54,6360
DA:67,1168
DA:69,1168
DA:70,1168
DA:72,1168
DA:74,1168
DA:75,0
DA:78,1168
DA:79,0
DA:82,1168
DA:99,1018
DA:101,1018
DA:103,1018
DA:104,1018
DA:106,1018
DA:107,0
DA:110,1018
DA:111,0
DA:112,0
DA:113,0
DA:114,0
DA:117,0
DA:120,0
DA:122,1018
DA:137,1090
DA:142,1090
DA:143,0
DA:145,1090
DA:147,1090
DA:148,1090
DA:149,0
DA:152,1090
DA:153,174
DA:155,1090
DA:156,1090
DA:157,0
DA:159,1090
DA:160,1090
DA:161,0
DA:163,1090
DA:164,1090
DA:165,0
DA:167,1090
DA:168,1090
DA:169,0
DA:174,1090
DA:175,1090
DA:176,0
DA:180,1090
DA:182,1090
DA:184,1090
DA:185,0
DA:186,0
DA:188,0
DA:189,0
DA:190,0
DA:191,0
DA:193,0
DA:194,0
DA:197,1090
DA:210,208
DA:212,208
DA:213,208
DA:223,456
DA:225,456
DA:227,456
DA:229,456
DA:231,4210
DA:232,3754
DA:233,0
DA:237,456
DA:261,0
DA:263,0
DA:264,0
DA:265,0
DA:269,0
DA:270,0
DA:271,0
DA:272,0
DA:273,0
DA:274,0
DA:276,0
DA:277,0
DA:280,0
DA:281,0
DA:284,0
DA:285,0
DA:288,0
DA:289,0
DA:292,0
DA:293,0
DA:296,0
DA:297,0
DA:302,0
DA:303,0
DA:304,0
DA:306,0
DA:307,0
DA:308,0
DA:309,0
DA:310,0
DA:311,0
DA:315,0
DA:316,0
DA:318,0
DA:320,0
LF:117
LH:51
end_of_record
TN:
SF:/home/taha/Documents/tsk-linux/sleuthkit/tsk/fs/fatxxfs_dent.c
FN:59,432,fatxxfs_dent_parse_buf
FNDA:110,fatxxfs_dent_parse_buf
FNF:1
FNH:1
DA:59,110
DA:62,110
DA:63,110
DA:64,110
DA:65,110
DA:66,110
DA:67,110
DA:68,110
DA:69,110
DA:70,110
DA:71,110
DA:73,110
DA:74,110
DA:75,110
DA:77,110
DA:78,220
DA:79,220
DA:80,220
DA:81,110
DA:82,0
DA:85,110
DA:86,110
DA:87,0
DA:88,0
DA:89,0
DA:90,0
DA:93,110
DA:95,110
DA:96,0
DA:99,110
DA:100,110
DA:103,2706
DA:106,2596
DA:107,2596
DA:108,0
DA:109,0
DA:110,0
DA:112,0
DA:113,0
DA:116,2596
DA:117,0
DA:119,0
DA:122,2596
DA:123,0
DA:124,0
DA:126,0
DA:127,0
DA:129,0
DA:130,0
DA:134,44132
DA:138,41536
DA:141,41536
DA:143,41536
DA:144,41156
DA:145,0
DA:148,41156
DA:155,41156
DA:156,0
DA:158,41156
DA:161,380
DA:164,380
DA:166,380
DA:168,130
DA:172,130
DA:173,24
DA:179,112
DA:180,112
DA:181,112
DA:188,650
DA:189,520
DA:190,520
DA:192,1690
DA:193,1560
DA:194,1560
DA:196,1430
DA:197,1300
DA:198,1300
DA:202,130
DA:204,250
DA:207,6
DA:209,54
DA:210,48
DA:211,48
DA:214,0
DA:217,24
DA:218,18
DA:219,18
DA:222,0
DA:226,6
DA:228,6
DA:229,6
DA:230,6
DA:231,6
DA:240,244
DA:246,112
DA:247,112
DA:248,112
DA:249,112
DA:251,112
DA:252,112
DA:256,112
DA:259,112
DA:260,0
DA:261,0
DA:262,0
DA:265,0
DA:269,112
DA:270,112
DA:271,0
DA:273,112
DA:275,112
DA:276,112
DA:281,132
DA:282,132
DA:287,244
DA:288,2196
DA:289,1952
DA:290,1952
DA:292,1308
DA:293,244
DA:294,46
DA:296,1262
DA:297,400
DA:298,360
DA:299,360
DA:302,902
DA:307,976
DA:308,732
DA:309,732
DA:310,522
DA:311,174
DA:312,522
DA:313,216
DA:314,216
DA:316,306
DA:319,244
DA:322,244
DA:326,250
DA:328,64
DA:330,186
DA:333,250
DA:334,250
DA:341,290
DA:342,80
DA:343,40
DA:344,40
DA:346,20
DA:347,20
DA:351,20
DA:353,20
DA:355,20
DA:356,20
DA:359,20
DA:360,0
DA:363,0
DA:364,0
DA:366,20
DA:367,0
DA:368,0
DA:374,0
DA:379,0
DA:380,0
DA:383,0
DA:384,0
DA:387,0
DA:388,0
DA:393,0
DA:394,0
DA:402,210
DA:403,24
DA:404,24
DA:405,0
DA:414,250
DA:415,186
DA:416,42
DA:419,144
DA:423,64
DA:426,250
DA:429,110
DA:431,110
LF:180
LH:137
end_of_record
TN:
SF:/home/taha/Documents/tsk-linux/sleuthkit/tsk/fs/fs_attrlist.c
FN:118,176,tsk_fs_attrlist_getnew
FN:184,195,tsk_fs_attrlist_markunused
FN:210,250,tsk_fs_attrlist_get
FN:25,34,tsk_fs_attrlist_alloc
FN:265,289,tsk_fs_attrlist_get_id
FN:309,363,tsk_fs_attrlist_get_name_type
FN:377,403,tsk_fs_attrlist_get_idx
FN:40,53,tsk_fs_attrlist_free
FN:415,433,tsk_fs_attrlist_get_len
FN:63,101,tsk_fs_attrlist_add
FNDA:6666,tsk_fs_attrlist_getnew
FNDA:680,tsk_fs_attrlist_markunused
FNDA:22522,tsk_fs_attrlist_get
FNDA:1844,tsk_fs_attrlist_alloc
FNDA:1074,tsk_fs_attrlist_get_id
FNDA:6,tsk_fs_attrlist_get_name_type
FNDA:92,tsk_fs_attrlist_get_idx
FNDA:1844,tsk_fs_attrlist_free
FNDA:154,tsk_fs_attrlist_get_len
FNDA:5274,tsk_fs_attrlist_add
FNF:10
FNH:10
DA:25,1844
DA:29,1844
DA:30,1844
DA:32,0
DA:33,1844
DA:40,1844
DA:43,1844
DA:44,0
DA:46,1844
DA:47,7118
DA:48,5274
DA:49,5274
DA:50,5274
DA:52,1844
DA:63,5274
DA:66,5274
DA:67,0
DA:68,0
DA:69,0
DA:70,0
DA:74,5274
DA:76,5274
DA:77,1806
DA:81,3468
DA:82,8376
DA:84,8376
DA:85,0
DA:86,0
DA:87,0
DA:88,0
DA:90,0
DA:91,0
DA:93,8376
DA:94,3468
DA:95,3468
DA:97,4908
DA:100,5274
DA:118,6666
DA:122,6666
DA:124,6666
DA:125,0
DA:126,0
DA:127,0
DA:128,0
DA:131,6666
DA:132,0
DA:133,0
DA:134,0
DA:135,0
DA:138,17034
DA:139,10368
DA:140,11664
DA:141,1452
DA:142,156
DA:143,0
DA:144,156
DA:145,96
DA:149,1296
DA:150,1296
DA:151,0
DA:152,0
DA:158,6666
DA:159,5370
DA:160,96
DA:163,5274
DA:164,0
DA:167,5274
DA:168,0
DA:169,0
DA:174,6666
DA:175,6666
DA:184,680
DA:187,680
DA:188,0
DA:190,680
DA:191,4852
DA:192,4172
DA:193,4172
DA:210,22522
DA:214,22522
DA:216,22522
DA:217,0
DA:218,0
DA:219,0
DA:220,0
DA:223,68872
DA:224,46350
DA:225,66820
DA:226,66760
DA:230,22360
DA:231,20478
DA:232,20470
DA:236,1890
DA:237,1890
DA:241,2052
DA:242,162
DA:243,162
DA:245,162
DA:248,1890
DA:265,1074
DA:270,1074
DA:271,0
DA:272,0
DA:273,0
DA:274,0
DA:277,5118
DA:278,4044
DA:279,4044
DA:280,2940
DA:281,0
DA:284,1074
DA:285,1074
DA:288,1074
DA:309,6
DA:313,6
DA:315,6
DA:316,0
DA:317,0
DA:318,0
DA:320,0
DA:323,60
DA:325,54
DA:326,54
DA:328,12
DA:329,12
DA:330,12
DA:334,6
DA:335,0
DA:336,0
DA:340,6
DA:341,0
DA:342,6
DA:345,6
DA:348,0
DA:349,0
DA:354,6
DA:355,0
DA:356,0
DA:358,0
DA:361,6
DA:377,92
DA:380,92
DA:382,92
DA:383,0
DA:384,0
DA:385,0
DA:386,0
DA:389,110
DA:390,18
DA:391,110
DA:392,110
DA:393,92
DA:395,18
DA:399,0
DA:400,0
DA:402,0
DA:415,154
DA:418,154
DA:420,154
DA:421,0
DA:422,0
DA:423,0
DA:424,0
DA:427,326
DA:428,172
DA:429,172
DA:430,172
DA:432,154
LF:168
LH:109
end_of_record
TN:
SF:/home/taha/Documents/tsk-linux/sleuthkit/tsk/fs/fs_block.c
FN:154,175,tsk_fs_block_set
FN:193,207,tsk_fs_block_walk
FN:24,43,tsk_fs_block_alloc
FN:51,56,tsk_fs_block_free
FN:61,66,tsk_fs_block_get
FN:82,137,tsk_fs_block_get_flag
FNDA:619760,tsk_fs_block_set
FNDA:64,tsk_fs_block_walk
FNDA:76,tsk_fs_block_alloc
FNDA:76,tsk_fs_block_free
FNDA:406,tsk_fs_block_get
FNDA:814,tsk_fs_block_get_flag
FNF:6
FNH:6
DA:24,76
DA:28,76
DA:29,76
DA:30,0
DA:32,76
DA:33,76
DA:34,0
DA:35,0
DA:37,76
DA:38,76
DA:39,76
DA:40,76
DA:42,76
DA:51,76
DA:53,76
DA:54,76
DA:55,76
DA:56,76
DA:61,406
DA:64,406
DA:65,406
DA:82,814
DA:88,814
DA:89,0
DA:90,0
DA:91,0
DA:92,0
DA:94,814
DA:95,0
DA:97,814
DA:98,814
DA:99,0
DA:100,0
DA:101,0
DA:102,0
DA:105,814
DA:107,814
DA:108,0
DA:109,0
DA:110,0
DA:111,0
DA:115,0
DA:118,0
DA:121,814
DA:122,814
DA:123,814
DA:124,814
DA:125,814
DA:127,814
DA:130,514
DA:132,514
DA:133,0
DA:136,814
DA:154,619760
DA:157,619760
DA:158,0
DA:159,0
DA:160,0
DA:161,0
DA:163,619760
DA:164,0
DA:165,0
DA:166,0
DA:167,0
DA:169,619760
DA:170,619760
DA:171,4
DA:172,619760
DA:173,619760
DA:174,619760
DA:193,64
DA:198,64
DA:199,0
DA:200,0
DA:201,0
DA:203,0
DA:205,64
LF:77
LH:46
end_of_record
TN:
SF:/home/taha/Documents/tsk-linux/sleuthkit/tsk/fs/fs_inode.c
FN:142,190,tsk_fs_meta_reset
FN:207,215,tsk_fs_meta_walk
FN:37,60,tsk_fs_meta_alloc
FN:73,88,tsk_fs_meta_realloc
FN:98,135,tsk_fs_meta_close
FNDA:332,tsk_fs_meta_reset
FNDA:34,tsk_fs_meta_walk
FNDA:2584,tsk_fs_meta_alloc
FNDA:0,tsk_fs_meta_realloc
FNDA:2584,tsk_fs_meta_close
FNF:5
FNH:4
DA:37,2584
DA:41,2584
DA:42,2584
DA:43,0
DA:45,2584
DA:47,2584
DA:48,1450
DA:49,0
DA:50,0
DA:52,1450
DA:53,1450
DA:57,2584
DA:59,2584
DA:73,0
DA:75,0
DA:76,0
DA:79,0
DA:80,0
DA:81,0
DA:82,0
DA:83,0
DA:84,0
DA:87,0
DA:98,2584
DA:102,2584
DA:103,0
DA:106,2584
DA:108,2584
DA:109,1450
DA:110,0
DA:113,1450
DA:116,2584
DA:117,2584
DA:119,2584
DA:120,1844
DA:121,2584
DA:123,2584
DA:124,2584
DA:126,2584
DA:127,4550
DA:128,1966
DA:129,1966
DA:130,1966
DA:131,1966
DA:134,2584
DA:142,332
DA:151,332
DA:152,0
DA:156,332
DA:157,332
DA:158,332
DA:159,332
DA:160,332
DA:163,332
DA:164,332
DA:167,332
DA:168,332
DA:170,332
DA:171,332
DA:173,332
DA:175,332
DA:176,332
DA:177,0
DA:180,332
DA:181,0
DA:182,0
DA:183,0
DA:184,0
DA:185,0
DA:186,0
DA:190,332
DA:207,34
DA:211,34
DA:212,0
DA:214,34
LF:75
LH:51
end_of_record
TN:
SF:/home/taha/Documents/tsk-linux/sleuthkit/tsk/fs/fs_io.c
FN:106,177,tsk_fs_read_decrypt
FN:192,196,tsk_fs_read_block
FN:212,271,tsk_fs_read_block_decrypt
FN:43,79,fs_prepost_read
FN:91,94,tsk_fs_read
FNDA:28240,tsk_fs_read_decrypt
FNDA:623550,tsk_fs_read_block
FNDA:645930,tsk_fs_read_block_decrypt
FNDA:92,fs_prepost_read
FNDA:6376,tsk_fs_read
FNF:5
FNH:5
DA:43,92
DA:46,92
DA:47,92
DA:48,92
DA:51,184
DA:53,92
DA:54,92
DA:55,92
DA:57,92
DA:58,0
DA:60,92
DA:61,92
DA:62,92
DA:63,92
DA:64,0
DA:69,92
DA:71,92
DA:72,0
DA:73,92
DA:74,0
DA:75,92
DA:76,92
DA:78,92
DA:91,6376
DA:93,6376
DA:106,28240
DA:112,28240
DA:113,27402
DA:114,27402
DA:115,0
DA:116,0
DA:117,0
DA:118,0
DA:119,0
DA:123,0
DA:126,0
DA:130,28240
DA:133,0
DA:134,0
DA:141,0
DA:142,0
DA:146,0
DA:147,0
DA:150,0
DA:151,0
DA:152,0
DA:155,0
DA:157,0
DA:158,0
DA:162,0
DA:164,0
DA:166,0
DA:169,28240
DA:170,92
DA:171,92
DA:174,28148
DA:192,623550
DA:195,623550
DA:212,645930
DA:215,645930
DA:216,0
DA:217,0
DA:218,0
DA:220,0
DA:223,645930
DA:224,0
DA:225,0
DA:226,0
DA:227,0
DA:231,0
DA:234,0
DA:249,1291860
DA:250,645930
DA:251,645930
DA:253,645930
DA:256,0
DA:257,0
DA:260,645930
DA:261,0
DA:262,0
DA:264,0
DA:265,0
DA:266,0
DA:270,645930
LF:84
LH:41
end_of_record
TN:
SF:/home/taha/Documents/tsk-linux/sleuthkit/tsk/fs/fs_open.c
FN:106,110,tsk_fs_open_img
FN:126,319,tsk_fs_open_img_decrypt
FN:327,335,tsk_fs_close
FN:341,352,tsk_fs_malloc
FN:358,382,tsk_fs_free
FN:50,54,tsk_fs_open_vol
FN:69,92,tsk_fs_open_vol_decrypt
FNDA:96,tsk_fs_open_img
FNDA:136,tsk_fs_open_img_decrypt
FNDA:210,tsk_fs_close
FNDA:596,tsk_fs_malloc
FNDA:596,tsk_fs_free
FNDA:0,tsk_fs_open_vol
FNDA:0,tsk_fs_open_vol_decrypt
FNF:7
FNH:5
DA:50,0
DA:53,0
DA:69,0
DA:73,0
DA:74,0
DA:75,0
DA:76,0
DA:77,0
DA:79,0
DA:80,0
DA:81,0
DA:82,0
DA:83,0
DA:84,0
DA:87,0
DA:88,0
DA:89,0
DA:90,0
DA:106,96
DA:109,96
DA:126,136
DA:137,136
DA:151,136
DA:152,0
DA:153,0
DA:154,0
DA:155,0
DA:162,136
DA:163,0
DA:164,0
DA:165,0
DA:166,0
DA:167,0
DA:170,0
DA:176,136
DA:178,52
DA:179,52
DA:181,52
DA:182,0
DA:186,52
DA:190,572
DA:191,520
DA:192,520
DA:194,40
DA:196,40
DA:197,40
DA:202,0
DA:203,0
DA:204,0
DA:205,0
DA:206,0
DA:207,0
DA:208,0
DA:218,480
DA:219,0
DA:220,0
DA:221,0
DA:222,0
DA:225,480
DA:230,52
DA:231,0
DA:232,0
DA:233,0
DA:234,0
DA:237,52
DA:238,12
DA:242,12
DA:243,12
DA:244,6
DA:245,6
DA:246,0
DA:247,0
DA:248,0
DA:249,0
DA:250,0
DA:254,12
DA:256,12
DA:257,12
DA:258,12
DA:259,0
DA:260,0
DA:262,12
DA:263,0
DA:264,0
DA:267,12
DA:269,12
DA:270,12
DA:273,0
DA:277,52
DA:279,84
DA:280,4
DA:282,80
DA:283,12
DA:285,68
DA:286,0
DA:288,68
DA:289,68
DA:291,0
DA:292,0
DA:294,0
DA:295,0
DA:297,0
DA:298,0
DA:300,0
DA:301,0
DA:303,0
DA:304,0
DA:306,0
DA:307,0
DA:309,0
DA:310,0
DA:312,0
DA:313,0
DA:315,0
DA:316,0
DA:317,0
DA:318,0
DA:327,210
DA:329,210
DA:330,2
DA:334,208
DA:341,596
DA:344,596
DA:345,0
DA:346,596
DA:347,596
DA:349,596
DA:351,596
DA:358,596
DA:360,596
DA:361,12
DA:362,12
DA:366,596
DA:372,596
DA:373,34
DA:374,34
DA:378,596
DA:379,596
DA:381,596
DA:382,596
LF:140
LH:64
end_of_record
TN:
SF:/home/taha/Documents/tsk-linux/sleuthkit/tsk/fs/fs_parse.c
FN:37,117,tsk_fs_parse_inum
FNDA:2,tsk_fs_parse_inum
FNF:1
FNH:1
DA:37,2
DA:42,2
DA:45,2
DA:46,0
DA:48,2
DA:49,0
DA:50,2
DA:51,0
DA:52,2
DA:53,0
DA:54,2
DA:55,0
DA:58,2
DA:59,2
DA:60,2
DA:61,0
DA:63,2
DA:65,2
DA:66,0
DA:67,0
DA:70,2
DA:71,2
DA:72,2
DA:73,2
DA:77,0
DA:78,0
DA:81,0
DA:82,0
DA:83,0
DA:86,0
DA:87,0
DA:88,0
DA:89,0
DA:92,0
DA:93,0
DA:94,0
DA:95,0
DA:99,0
DA:102,0
DA:103,0
DA:104,0
DA:105,0
DA:108,0
DA:109,0
DA:110,0
DA:111,0
DA:115,0
DA:116,0
LF:48
LH:16
end_of_record
TN:
SF:/home/taha/Documents/tsk-linux/sleuthkit/tsk/fs/fs_types.c
FN:125,137,tsk_fs_type_toid
FN:146,152,tsk_fs_type_print
FN:161,169,tsk_fs_type_toname
FN:177,185,tsk_fs_type_supported
FN:98,114,tsk_fs_type_toid_utf8
FNDA:22,tsk_fs_type_toid
FNDA:0,tsk_fs_type_print
FNDA:46,tsk_fs_type_toname
FNDA:6,tsk_fs_type_supported
FNDA:40,tsk_fs_type_toid_utf8
FNF:5
FNH:4
DA:98,40
DA:102,730
DA:103,708
DA:104,18
DA:108,166
DA:109,154
DA:110,10
DA:113,12
DA:125,22
DA:131,134
DA:132,112
DA:134,22
DA:136,22
DA:146,0
DA:149,0
DA:150,0
DA:151,0
DA:152,0
DA:161,46
DA:164,620
DA:165,614
DA:166,40
DA:168,6
DA:177,6
DA:179,6
DA:181,156
DA:182,150
DA:184,6
LF:28
LH:23
end_of_record
TN:
SF:/home/taha/Documents/tsk-linux/sleuthkit/tsk/fs/rawfs.c
FN:36,103,rawfs_open
FNDA:34,rawfs_open
FNF:1
FNH:1
DA:36,34
DA:42,34
DA:44,34
DA:45,0
DA:46,0
DA:47,0
DA:48,0
DA:51,34
DA:52,34
DA:53,0
DA:57,34
DA:58,34
DA:60,34
DA:61,34
DA:62,34
DA:63,34
DA:65,34
DA:66,34
DA:67,34
DA:68,34
DA:70,34
DA:71,34
DA:72,34
DA:73,34
DA:74,0
DA:76,34
DA:77,34
DA:78,34
DA:81,34
DA:82,34
DA:84,34
DA:85,34
DA:87,34
DA:88,34
DA:89,34
DA:91,34
DA:92,34
DA:94,34
DA:95,34
DA:97,34
DA:98,34
DA:99,34
DA:100,34
DA:102,34
LF:44
LH:38
end_of_record
TN:
SF:/home/taha/Documents/tsk-linux/sleuthkit/tsk/fs/swapfs.c
FN:35,101,swapfs_open
FNDA:0,swapfs_open
FNF:1
FNH:0
DA:35,0
DA:41,0
DA:43,0
DA:44,0
DA:45,0
DA:46,0
DA:47,0
DA:50,0
DA:51,0
DA:52,0
DA:56,0
DA:57,0
DA:58,0
DA:59,0
DA:60,0
DA:61,0
DA:63,0
DA:64,0
DA:65,0
DA:66,0
DA:68,0
DA:69,0
DA:70,0
DA:71,0
DA:73,0
DA:74,0
DA:75,0
DA:76,0
DA:79,0
DA:80,0
DA:82,0
DA:83,0
DA:85,0
DA:86,0
DA:87,0
DA:89,0
DA:90,0
DA:92,0
DA:93,0
DA:95,0
DA:96,0
DA:97,0
DA:98,0
DA:100,0
LF:44
LH:0
end_of_record
TN:
SF:/home/taha/Documents/tsk-linux/sleuthkit/tsk/hashdb/hashkeeper.c
FN:108,253,hk_parse_md5
FN:266,352,hk_makeindex
FN:27,75,hk_test
FN:373,476,hk_getentry
FN:77,93,hk_open
FNDA:0,hk_parse_md5
FNDA:0,hk_makeindex
FNDA:0,hk_test
FNDA:0,hk_getentry
FNDA:0,hk_open
FNF:5
FNH:0
DA:27,0
DA:30,0
DA:33,0
DA:36,0
DA:37,0
DA:39,0
DA:40,0
DA:42,0
DA:46,0
DA:47,0
DA:50,0
DA:51,0
DA:53,0
DA:54,0
DA:55,0
DA:57,0
DA:58,0
DA:59,0
DA:61,0
DA:62,0
DA:63,0
DA:65,0
DA:66,0
DA:67,0
DA:70,0
DA:72,0
DA:74,0
DA:77,0
DA:79,0
DA:82,0
DA:83,0
DA:84,0
DA:88,0
DA:89,0
DA:90,0
DA:92,0
DA:108,0
DA:111,0
DA:112,0
DA:113,0
DA:115,0
DA:116,0
DA:118,0
DA:119,0
DA:137,0
DA:138,0
DA:141,0
DA:142,0
DA:145,0
DA:146,0
DA:147,0
DA:148,0
DA:152,0
DA:155,0
DA:156,0
DA:157,0
DA:162,0
DA:163,0
DA:166,0
DA:167,0
DA:168,0
DA:170,0
DA:176,0
DA:179,0
DA:180,0
DA:182,0
DA:185,0
DA:186,0
DA:189,0
DA:193,0
DA:196,0
DA:197,0
DA:198,0
DA:200,0
DA:201,0
DA:203,0
DA:205,0
DA:206,0
DA:208,0
DA:209,0
DA:212,0
DA:216,0
DA:217,0
DA:220,0
DA:221,0
DA:222,0
DA:223,0
DA:226,0
DA:227,0
DA:229,0
DA:232,0
DA:233,0
DA:236,0
DA:242,0
DA:243,0
DA:244,0
DA:248,0
DA:252,0
DA:266,0
DA:268,0
DA:270,0
DA:272,0
DA:273,0
DA:274,0
DA:276,0
DA:277,0
DA:278,0
DA:282,0
DA:283,0
DA:287,0
DA:290,0
DA:291,0
DA:292,0
DA:295,0
DA:296,0
DA:297,0
DA:300,0
DA:303,0
DA:304,0
DA:305,0
DA:307,0
DA:311,0
DA:312,0
DA:316,0
DA:317,0
DA:318,0
DA:321,0
DA:324,0
DA:327,0
DA:328,0
DA:329,0
DA:330,0
DA:333,0
DA:338,0
DA:339,0
DA:340,0
DA:344,0
DA:345,0
DA:346,0
DA:348,0
DA:351,0
DA:373,0
DA:377,0
DA:378,0
DA:380,0
DA:382,0
DA:383,0
DA:387,0
DA:388,0
DA:389,0
DA:390,0
DA:392,0
DA:395,0
DA:398,0
DA:401,0
DA:402,0
DA:403,0
DA:404,0
DA:407,0
DA:410,0
DA:411,0
DA:412,0
DA:413,0
DA:415,0
DA:416,0
DA:417,0
DA:419,0
DA:422,0
DA:423,0
DA:424,0
DA:425,0
DA:426,0
DA:429,0
DA:432,0
DA:433,0
DA:434,0
DA:436,0
DA:437,0
DA:438,0
DA:440,0
DA:444,0
DA:445,0
DA:448,0
DA:450,0
DA:451,0
DA:452,0
DA:454,0
DA:455,0
DA:458,0
DA:459,0
DA:463,0
DA:466,0
DA:467,0
DA:468,0
DA:469,0
DA:472,0
DA:475,0
LF:197
LH:0
end_of_record
TN:
SF:/home/taha/Documents/tsk-linux/sleuthkit/tsk/img/img_types.c
FN:123,129,tsk_img_type_print
FN:138,146,tsk_img_type_toname
FN:155,163,tsk_img_type_todesc
FN:171,179,tsk_img_type_supported
FN:73,85,tsk_img_type_toid_utf8
FN:98,112,tsk_img_type_toid
FNDA:4,tsk_img_type_print
FNDA:6,tsk_img_type_toname
FNDA:6,tsk_img_type_todesc
FNDA:2,tsk_img_type_supported
FNDA:12,tsk_img_type_toid_utf8
FNDA:8,tsk_img_type_toid
FNF:6
FNH:6
DA:73,12
DA:75,12
DA:79,24
DA:80,18
DA:81,6
DA:84,6
DA:98,8
DA:100,8
DA:106,48
DA:107,40
DA:109,8
DA:111,8
DA:123,4
DA:126,4
DA:127,12
DA:128,8
DA:129,4
DA:138,6
DA:141,10
DA:142,8
DA:143,4
DA:145,2
DA:155,6
DA:158,10
DA:159,8
DA:160,4
DA:162,2
DA:171,2
DA:173,2
DA:175,6
DA:176,4
DA:178,2
LF:32
LH:32
end_of_record
TN:
SF:/home/taha/Documents/tsk-linux/sleuthkit/tsk/util/detect_encryption.c
FN:107,145,calculateEntropy
FN:157,219,detectVolumeEncryption
FN:16,28,detectSignature
FN:231,307,detectDiskEncryption
FN:32,35,detectLUKS
FN:39,44,detectBitLocker
FN:48,51,detectFileVault
FN:55,59,detectCheckPoint
FN:63,69,detectMcAfee
FN:73,77,detectGuardianEdge
FN:81,87,detectSophos
FN:91,95,detectWinMagic
FN:99,103,detectSymantecPGP
FNDA:12,calculateEntropy
FNDA:12,detectVolumeEncryption
FNDA:244,detectSignature
FNDA:26,detectDiskEncryption
FNDA:12,detectLUKS
FNDA:12,detectBitLocker
FNDA:12,detectFileVault
FNDA:26,detectCheckPoint
FNDA:26,detectMcAfee
FNDA:26,detectGuardianEdge
FNDA:26,detectSophos
FNDA:26,detectWinMagic
FNDA:26,detectSymantecPGP
FNF:13
FNH:13
DA:16,244
DA:18,7128
DA:19,6884
DA:20,0
DA:23,6884
DA:24,0
DA:27,244
DA:32,12
DA:33,12
DA:34,12
DA:39,12
DA:42,12
DA:43,12
DA:48,12
DA:49,12
DA:50,12
DA:55,26
DA:57,26
DA:58,26
DA:63,26
DA:65,26
DA:66,26
DA:67,26
DA:68,26
DA:73,26
DA:75,26
DA:76,26
DA:81,26
DA:83,26
DA:84,26
DA:85,26
DA:86,26
DA:91,26
DA:93,26
DA:94,26
DA:99,26
DA:101,26
DA:102,26
DA:107,12
DA:111,3084
DA:112,3072
DA:116,12
DA:118,12
DA:119,876
DA:120,868
DA:121,4
DA:124,864
DA:125,0
DA:128,56623968
DA:129,56623104
DA:130,56623104
DA:132,864
DA:136,12
DA:137,12
DA:138,3084
DA:139,3072
DA:140,1242
DA:141,1242
DA:144,12
DA:157,12
DA:159,12
DA:160,12
DA:161,0
DA:163,12
DA:164,12
DA:166,12
DA:167,0
DA:169,12
DA:170,0
DA:174,12
DA:175,12
DA:176,12
DA:177,0
DA:179,12
DA:180,0
DA:181,0
DA:185,12
DA:186,0
DA:187,0
DA:188,0
DA:189,0
DA:193,12
DA:194,0
DA:195,0
DA:196,0
DA:197,0
DA:201,12
DA:202,0
DA:203,0
DA:204,0
DA:205,0
DA:208,12
DA:211,12
DA:212,12
DA:213,0
DA:214,0
DA:215,0
DA:218,12
DA:231,26
DA:233,26
DA:234,26
DA:235,0
DA:237,26
DA:238,26
DA:240,26
DA:241,0
DA:243,26
DA:244,0
DA:248,26
DA:249,26
DA:250,26
DA:251,0
DA:253,26
DA:254,0
DA:255,0
DA:259,26
DA:260,0
DA:261,0
DA:262,0
DA:263,0
DA:267,26
DA:268,0
DA:269,0
DA:270,0
DA:271,0
DA:275,26
DA:276,0
DA:277,0
DA:278,0
DA:279,0
DA:283,26
DA:284,0
DA:285,0
DA:286,0
DA:287,0
DA:291,26
DA:292,0
DA:293,0
DA:294,0
DA:295,0
DA:299,26
DA:300,0
DA:301,0
DA:302,0
DA:303,0
DA:305,26
DA:306,26
LF:147
LH:93
end_of_record
TN:
SF:/home/taha/Documents/tsk-linux/sleuthkit/tsk/vs/bsd.c
FN:201,206,bsd_close
FN:215,262,tsk_vs_bsd_open
FN:23,82,bsd_get_desc
FN:90,197,bsd_load_table
FNDA:56,bsd_close
FNDA:56,tsk_vs_bsd_open
FNDA:0,bsd_get_desc
FNDA:56,bsd_load_table
FNF:4
FNH:3
DA:23,0
DA:25,0
DA:26,0
DA:27,0
DA:29,0
DA:31,0
DA:32,0
DA:33,0
DA:34,0
DA:35,0
DA:36,0
DA:37,0
DA:38,0
DA:39,0
DA:40,0
DA:41,0
DA:42,0
DA:43,0
DA:44,0
DA:45,0
DA:46,0
DA:47,0
DA:48,0
DA:49,0
DA:50,0
DA:51,0
DA:52,0
DA:53,0
DA:54,0
DA:55,0
DA:56,0
DA:57,0
DA:58,0
DA:59,0
DA:60,0
DA:61,0
DA:62,0
DA:63,0
DA:64,0
DA:65,0
DA:66,0
DA:67,0
DA:68,0
DA:69,0
DA:70,0
DA:71,0
DA:72,0
DA:73,0
DA:74,0
DA:75,0
DA:76,0
DA:77,0
DA:78,0
DA:81,0
DA:90,56
DA:94,56
DA:97,56
DA:98,56
DA:100,56
DA:101,0
DA:104,56
DA:105,0
DA:106,56
DA:109,56
DA:110,56
DA:111,56
DA:112,0
DA:113,0
DA:114,0
DA:116,0
DA:118,0
DA:119,0
DA:123,56
DA:124,56
DA:125,56
DA:126,56
DA:127,56
DA:129,56
DA:130,56
DA:134,0
DA:135,0
DA:136,0
DA:137,0
DA:138,0
DA:140,0
DA:141,0
DA:145,0
DA:146,0
DA:147,0
DA:150,0
DA:151,0
DA:153,0
DA:154,0
DA:158,0
DA:163,0
DA:164,0
DA:166,0
DA:167,0
DA:170,0
DA:172,0
DA:173,0
DA:176,0
DA:177,0
DA:178,0
DA:179,0
DA:181,0
DA:182,0
DA:187,0
DA:189,0
DA:190,0
DA:191,0
DA:195,0
DA:196,0
DA:201,56
DA:203,56
DA:204,56
DA:205,56
DA:206,56
DA:215,56
DA:220,56
DA:222,56
DA:223,0
DA:224,0
DA:225,0
DA:226,0
DA:229,56
DA:230,56
DA:231,0
DA:233,56
DA:234,56
DA:235,56
DA:238,56
DA:241,56
DA:242,56
DA:243,56
DA:244,56
DA:247,56
DA:250,56
DA:251,56
DA:252,56
DA:256,0
DA:257,0
DA:258,0
DA:261,0
LF:144
LH:39
end_of_record
TN:
SF:/home/taha/Documents/tsk-linux/sleuthkit/tsk/vs/dos.c
FN:1043,1048,dos_close
FN:1062,1109,tsk_vs_dos_open
FN:31,653,dos_get_desc
FN:670,824,dos_load_ext_table
FN:839,1039,dos_load_prim_table
FNDA:58,dos_close
FNDA:58,tsk_vs_dos_open
FNDA:74,dos_get_desc
FNDA:4,dos_load_ext_table
FNDA:58,dos_load_prim_table
FNF:5
FNH:5
DA:31,74
DA:34,74
DA:35,74
DA:36,0
DA:38,74
DA:39,0
DA:40,0
DA:41,0
DA:42,0
DA:43,0
DA:44,0
DA:45,0
DA:46,0
DA:47,0
DA:48,0
DA:49,0
DA:50,0
DA:51,12
DA:53,12
DA:54,12
DA:55,4
DA:56,4
DA:57,4
DA:58,56
DA:59,56
DA:60,56
DA:61,0
DA:62,0
DA:63,0
DA:64,0
DA:65,0
DA:66,0
DA:67,0
DA:68,0
DA:69,0
DA:78,2
DA:80,2
DA:81,2
DA:82,0
DA:83,0
DA:84,0
DA:85,0
DA:86,0
DA:87,0
DA:88,0
DA:89,0
DA:90,0
DA:91,0
DA:92,0
DA:93,0
DA:94,0
DA:95,0
DA:96,0
DA:97,0
DA:99,0
DA:100,0
DA:101,0
DA:102,0
DA:103,0
DA:104,0
DA:105,0
DA:106,0
DA:107,0
DA:110,0
DA:111,0
DA:112,0
DA:113,0
DA:114,0
DA:115,0
DA:121,0
DA:122,0
DA:123,0
DA:134,0
DA:135,0
DA:136,0
DA:137,0
DA:138,0
DA:139,0
DA:140,0
DA:141,0
DA:142,0
DA:143,0
DA:144,0
DA:145,0
DA:146,0
DA:147,0
DA:148,0
DA:149,0
DA:150,0
DA:156,0
DA:157,0
DA:158,0
DA:159,0
DA:160,0
DA:161,0
DA:162,0
DA:163,0
DA:164,0
DA:165,0
DA:166,0
DA:167,0
DA:168,0
DA:169,0
DA:170,0
DA:171,0
DA:172,0
DA:174,0
DA:183,0
DA:184,0
DA:185,0
DA:186,0
DA:187,0
DA:189,0
DA:190,0
DA:191,0
DA:192,0
DA:193,0
DA:194,0
DA:195,0
DA:204,0
DA:205,0
DA:206,0
DA:207,0
DA:208,0
DA:209,0
DA:210,0
DA:211,0
DA:212,0
DA:213,0
DA:214,0
DA:216,0
DA:220,0
DA:221,0
DA:222,0
DA:223,0
DA:226,0
DA:227,0
DA:234,0
DA:238,0
DA:239,0
DA:240,0
DA:241,0
DA:242,0
DA:243,0
DA:244,0
DA:245,0
DA:246,0
DA:247,0
DA:249,0
DA:256,0
DA:257,0
DA:258,0
DA:259,0
DA:260,0
DA:261,0
DA:262,0
DA:263,0
DA:264,0
DA:265,0
DA:266,0
DA:267,0
DA:268,0
DA:274,0
DA:275,0
DA:276,0
DA:277,0
DA:278,0
DA:279,0
DA:280,0
DA:281,0
DA:282,0
DA:283,0
DA:284,0
DA:285,0
DA:286,0
DA:287,0
DA:291,0
DA:292,0
DA:293,0
DA:294,0
DA:295,0
DA:296,0
DA:297,0
DA:298,0
DA:299,0
DA:303,0
DA:304,0
DA:305,0
DA:306,0
DA:307,0
DA:308,0
DA:309,0
DA:310,0
DA:311,0
DA:312,0
DA:313,0
DA:314,0
DA:315,0
DA:316,0
DA:317,0
DA:318,0
DA:319,0
DA:320,0
DA:321,0
DA:322,0
DA:323,0
DA:324,0
DA:325,0
DA:326,0
DA:327,0
DA:328,0
DA:330,0
DA:331,0
DA:332,0
DA:334,0
DA:335,0
DA:336,0
DA:337,0
DA:338,0
DA:339,0
DA:341,0
DA:342,0
DA:343,0
DA:344,0
DA:345,0
DA:346,0
DA:348,0
DA:349,0
DA:350,0
DA:351,0
DA:352,0
DA:353,0
DA:354,0
DA:355,0
DA:356,0
DA:357,0
DA:358,0
DA:359,0
DA:361,0
DA:362,0
DA:363,0
DA:365,0
DA:369,0
DA:370,0
DA:371,0
DA:372,0
DA:373,0
DA:375,0
DA:376,0
DA:377,0
DA:379,0
DA:380,0
DA:381,0
DA:382,0
DA:383,0
DA:385,0
DA:386,0
DA:387,0
DA:388,0
DA:390,0
DA:391,0
DA:392,0
DA:394,0
DA:395,0
DA:396,0
DA:397,0
DA:398,0
DA:399,0
DA:400,0
DA:401,0
DA:402,0
DA:403,0
DA:404,0
DA:405,0
DA:406,0
DA:407,0
DA:408,0
DA:409,0
DA:410,0
DA:411,0
DA:412,0
DA:413,0
DA:414,0
DA:415,0
DA:416,0
DA:417,0
DA:418,0
DA:419,0
DA:420,0
DA:421,0
DA:422,0
DA:423,0
DA:424,0
DA:425,0
DA:426,0
DA:428,0
DA:429,0
DA:430,0
DA:432,0
DA:433,0
DA:434,0
DA:436,0
DA:437,0
DA:438,0
DA:440,0
DA:444,0
DA:445,0
DA:446,0
DA:447,0
DA:448,0
DA:449,0
DA:450,0
DA:451,0
DA:452,0
DA:453,0
DA:454,0
DA:455,0
DA:456,0
DA:457,0
DA:458,0
DA:468,0
DA:469,0
DA:470,0
DA:471,0
DA:472,0
DA:473,0
DA:474,0
DA:475,0
DA:476,0
DA:477,0
DA:478,0
DA:479,0
DA:480,0
DA:481,0
DA:482,0
DA:483,0
DA:485,0
DA:487,0
DA:488,0
DA:489,0
DA:490,0
DA:491,0
DA:492,0
DA:493,0
DA:494,0
DA:495,0
DA:496,0
DA:497,0
DA:498,0
DA:499,0
DA:500,0
DA:501,0
DA:502,0
DA:503,0
DA:504,0
DA:505,0
DA:506,0
DA:507,0
DA:508,0
DA:509,0
DA:510,0
DA:511,0
DA:512,0
DA:513,0
DA:514,0
DA:518,0
DA:519,0
DA:520,0
DA:521,0
DA:522,0
DA:524,0
DA:525,0
DA:526,0
DA:528,0
DA:529,0
DA:530,0
DA:532,0
DA:533,0
DA:534,0
DA:535,0
DA:536,0
DA:537,0
DA:538,0
DA:539,0
DA:540,0
DA:542,0
DA:549,0
DA:550,0
DA:551,0
DA:552,0
DA:553,0
DA:554,0
DA:561,0
DA:562,0
DA:564,0
DA:565,0
DA:566,0
DA:568,0
DA:569,0
DA:570,0
DA:571,0
DA:572,0
DA:573,0
DA:575,0
DA:576,0
DA:577,0
DA:579,0
DA:580,0
DA:581,0
DA:582,0
DA:583,0
DA:584,0
DA:585,0
DA:586,0
DA:587,0
DA:588,0
DA:589,0
DA:590,0
DA:591,0
DA:592,0
DA:593,0
DA:594,0
DA:595,0
DA:596,0
DA:597,0
DA:598,0
DA:599,0
DA:600,0
DA:601,0
DA:602,0
DA:603,0
DA:607,0
DA:608,0
DA:609,0
DA:610,0
DA:611,0
DA:612,0
DA:613,0
DA:614,0
DA:615,0
DA:616,0
DA:617,0
DA:618,0
DA:619,0
DA:620,0
DA:621,0
DA:622,0
DA:623,0
DA:624,0
DA:625,0
DA:626,0
DA:627,0
DA:628,0
DA:629,0
DA:631,0
DA:644,0
DA:645,0
DA:646,0
DA:647,0
DA:648,0
DA:649,0
DA:652,74
DA:670,4
DA:678,4
DA:680,4
DA:681,0
DA:686,4
DA:687,0
DA:688,4
DA:691,4
DA:692,4
DA:693,0
DA:694,0
DA:695,0
DA:697,0
DA:699,0
DA:700,0
DA:704,4
DA:705,0
DA:706,0
DA:707,0
DA:709,0
DA:710,0
DA:714,4
DA:715,0
DA:716,0
DA:719,4
DA:720,4
DA:723,0
DA:724,0
DA:732,20
DA:733,16
DA:737,16
DA:738,16
DA:740,16
DA:741,0
DA:744,0
DA:747,16
DA:748,8
DA:752,10
DA:760,2
DA:761,18
DA:762,16
DA:763,0
DA:764,0
DA:767,0
DA:768,0
DA:769,0
DA:770,0
DA:772,0
DA:773,0
DA:775,16
DA:782,2
DA:783,2
DA:785,2
DA:786,0
DA:787,0
DA:790,2
DA:791,0
DA:792,0
DA:798,2
DA:800,0
DA:801,0
DA:812,6
DA:813,6
DA:815,6
DA:816,0
DA:817,0
DA:822,4
DA:823,4
DA:839,58
DA:843,58
DA:846,58
DA:847,58
DA:849,58
DA:850,0
DA:853,58
DA:854,0
DA:855,58
DA:858,58
DA:859,58
DA:861,58
DA:862,0
DA:863,0
DA:864,0
DA:866,0
DA:868,0
DA:869,0
DA:874,58
DA:875,14
DA:876,14
DA:877,14
DA:880,14
DA:881,0
DA:884,14
DA:885,14
DA:892,44
DA:893,42
DA:894,0
DA:897,42
DA:898,4
DA:899,4
DA:900,4
DA:902,4
DA:903,0
DA:905,4
DA:906,4
DA:908,38
DA:909,0
DA:910,0
DA:911,0
DA:913,0
DA:914,0
DA:916,0
DA:917,0
DA:919,38
DA:920,6
DA:921,6
DA:922,6
DA:924,6
DA:925,0
DA:927,6
DA:928,6
DA:930,32
DA:931,0
DA:932,0
DA:933,0
DA:935,0
DA:936,0
DA:938,0
DA:939,0
DA:944,34
DA:945,0
DA:946,0
DA:949,34
DA:950,34
DA:952,0
DA:953,0
DA:957,170
DA:958,136
DA:961,136
DA:962,136
DA:964,136
DA:965,0
DA:967,0
DA:969,136
DA:970,70
DA:973,66
DA:974,0
DA:975,0
DA:976,0
DA:978,0
DA:979,0
DA:982,0
DA:983,0
DA:996,66
DA:1000,66
DA:1001,2
DA:1003,2
DA:1004,0
DA:1005,0
DA:1008,2
DA:1009,0
DA:1010,0
DA:1012,0
DA:1014,0
DA:1018,64
DA:1020,64
DA:1021,0
DA:1022,0
DA:1026,34
DA:1028,34
DA:1029,2
DA:1030,0
DA:1032,2
DA:1033,2
DA:1034,2
DA:1036,2
DA:1038,32
DA:1043,58
DA:1045,58
DA:1046,58
DA:1047,58
DA:1048,58
DA:1062,58
DA:1067,58
DA:1069,58
DA:1070,0
DA:1071,0
DA:1072,0
DA:1073,0
DA:1076,58
DA:1077,58
DA:1078,0
DA:1080,58
DA:1081,58
DA:1082,58
DA:1084,58
DA:1087,58
DA:1088,58
DA:1089,58
DA:1090,58
DA:1094,58
DA:1097,58
DA:1098,26
DA:1099,26
DA:1103,32
DA:1104,0
DA:1105,0
DA:1108,32
LF:670
LH:135
end_of_record
TN:
SF:/home/taha/Documents/tsk-linux/sleuthkit/tsk/vs/gpt.c
FN:298,572,gpt_load_table
FN:31,47,gpt_guid_match
FN:575,580,gpt_close
FN:583,683,tsk_vs_gpt_open
FN:62,289,gpt_guid_type
FNDA:672,gpt_load_table
FNDA:0,gpt_guid_match
FNDA:56,gpt_close
FNDA:56,tsk_vs_gpt_open
FNDA:0,gpt_guid_type
FNF:5
FNH:3
DA:31,0
DA:33,0
DA:34,0
DA:36,0
DA:38,0
DA:39,0
DA:40,0
DA:43,0
DA:44,0
DA:46,0
DA:62,0
DA:64,0
DA:65,0
DA:66,0
DA:67,0
DA:68,0
DA:69,0
DA:70,0
DA:71,0
DA:72,0
DA:73,0
DA:74,0
DA:75,0
DA:76,0
DA:77,0
DA:79,0
DA:80,0
DA:81,0
DA:82,0
DA:83,0
DA:84,0
DA:85,0
DA:86,0
DA:87,0
DA:88,0
DA:89,0
DA:90,0
DA:91,0
DA:92,0
DA:94,0
DA:95,0
DA:96,0
DA:97,0
DA:99,0
DA:100,0
DA:101,0
DA:102,0
DA:103,0
DA:104,0
DA:105,0
DA:106,0
DA:107,0
DA:108,0
DA:109,0
DA:110,0
DA:111,0
DA:112,0
DA:113,0
DA:114,0
DA:115,0
DA:116,0
DA:117,0
DA:118,0
DA:119,0
DA:120,0
DA:122,0
DA:123,0
DA:124,0
DA:125,0
DA:126,0
DA:127,0
DA:128,0
DA:129,0
DA:130,0
DA:131,0
DA:132,0
DA:133,0
DA:135,0
DA:136,0
DA:137,0
DA:138,0
DA:139,0
DA:140,0
DA:141,0
DA:142,0
DA:143,0
DA:144,0
DA:145,0
DA:146,0
DA:147,0
DA:148,0
DA:149,0
DA:150,0
DA:151,0
DA:152,0
DA:153,0
DA:155,0
DA:156,0
DA:157,0
DA:158,0
DA:159,0
DA:160,0
DA:161,0
DA:162,0
DA:163,0
DA:164,0
DA:165,0
DA:166,0
DA:167,0
DA:168,0
DA:169,0
DA:170,0
DA:171,0
DA:172,0
DA:173,0
DA:174,0
DA:175,0
DA:176,0
DA:177,0
DA:178,0
DA:179,0
DA:181,0
DA:182,0
DA:183,0
DA:184,0
DA:185,0
DA:186,0
DA:187,0
DA:188,0
DA:189,0
DA:190,0
DA:191,0
DA:192,0
DA:194,0
DA:195,0
DA:196,0
DA:197,0
DA:198,0
DA:199,0
DA:201,0
DA:202,0
DA:204,0
DA:205,0
DA:206,0
DA:207,0
DA:208,0
DA:209,0
DA:210,0
DA:211,0
DA:212,0
DA:213,0
DA:214,0
DA:215,0
DA:217,0
DA:218,0
DA:219,0
DA:220,0
DA:221,0
DA:222,0
DA:223,0
DA:224,0
DA:225,0
DA:226,0
DA:227,0
DA:228,0
DA:230,0
DA:231,0
DA:233,0
DA:234,0
DA:236,0
DA:237,0
DA:238,0
DA:239,0
DA:240,0
DA:241,0
DA:242,0
DA:243,0
DA:245,0
DA:246,0
DA:247,0
DA:248,0
DA:249,0
DA:250,0
DA:251,0
DA:252,0
DA:253,0
DA:254,0
DA:255,0
DA:256,0
DA:257,0
DA:258,0
DA:259,0
DA:260,0
DA:261,0
DA:262,0
DA:263,0
DA:264,0
DA:265,0
DA:266,0
DA:267,0
DA:268,0
DA:269,0
DA:270,0
DA:272,0
DA:273,0
DA:274,0
DA:275,0
DA:277,0
DA:278,0
DA:280,0
DA:281,0
DA:284,0
DA:285,0
DA:288,0
DA:298,672
DA:308,672
DA:312,672
DA:313,336
DA:314,336
DA:316,336
DA:317,336
DA:320,672
DA:321,0
DA:324,672
DA:325,0
DA:327,672
DA:328,336
DA:329,336
DA:330,336
DA:332,336
DA:333,336
DA:335,336
DA:336,0
DA:337,0
DA:338,0
DA:340,0
DA:343,0
DA:344,0
DA:348,336
DA:349,84
DA:350,84
DA:351,84
DA:354,84
DA:355,84
DA:358,252
DA:359,252
DA:360,252
DA:361,252
DA:363,252
DA:364,252
DA:365,252
DA:370,336
DA:371,336
DA:372,336
DA:373,336
DA:374,0
DA:375,0
DA:376,0
DA:378,0
DA:380,0
DA:381,0
DA:385,336
DA:386,336
DA:387,336
DA:388,336
DA:389,336
DA:391,336
DA:392,336
DA:396,0
DA:397,0
DA:398,0
DA:399,0
DA:401,0
DA:402,0
DA:406,0
DA:407,0
DA:408,0
DA:409,0
DA:411,0
DA:412,0
DA:414,0
DA:415,0
DA:419,0
DA:420,0
DA:421,0
DA:424,0
DA:425,0
DA:426,0
DA:427,0
DA:428,0
DA:430,0
DA:431,0
DA:435,0
DA:436,0
DA:437,0
DA:438,0
DA:439,0
DA:441,0
DA:442,0
DA:445,0
DA:446,0
DA:447,0
DA:450,0
DA:451,0
DA:453,0
DA:454,0
DA:455,0
DA:457,0
DA:458,0
DA:463,0
DA:464,0
DA:465,0
DA:468,0
DA:469,0
DA:473,0
DA:474,0
DA:475,0
DA:476,0
DA:477,0
DA:478,0
DA:479,0
DA:481,0
DA:483,0
DA:484,0
DA:485,0
DA:486,0
DA:490,0
DA:491,0
DA:492,0
DA:498,0
DA:499,0
DA:502,0
DA:503,0
DA:504,0
DA:507,0
DA:508,0
DA:509,0
DA:513,0
DA:514,0
DA:515,0
DA:516,0
DA:517,0
DA:519,0
DA:520,0
DA:521,0
DA:525,0
DA:526,0
DA:527,0
DA:528,0
DA:534,0
DA:535,0
DA:536,0
DA:538,0
DA:539,0
DA:540,0
DA:542,0
DA:544,0
DA:545,0
DA:546,0
DA:549,0
DA:554,0
DA:555,0
DA:556,0
DA:557,0
DA:560,0
DA:561,0
DA:562,0
DA:565,0
DA:569,0
DA:570,0
DA:571,0
DA:575,56
DA:577,56
DA:578,56
DA:579,56
DA:580,56
DA:583,56
DA:588,56
DA:590,56
DA:591,0
DA:592,0
DA:593,0
DA:594,0
DA:597,56
DA:598,56
DA:599,0
DA:601,56
DA:602,56
DA:603,56
DA:606,56
DA:609,56
DA:610,56
DA:611,56
DA:612,56
DA:613,56
DA:616,56
DA:619,56
DA:620,56
DA:621,56
DA:622,56
DA:623,0
DA:626,56
DA:627,336
DA:628,280
DA:629,0
DA:632,280
DA:633,280
DA:634,280
DA:635,280
DA:637,0
DA:638,0
DA:641,56
DA:643,56
DA:644,0
DA:645,56
DA:646,56
DA:647,56
DA:650,56
DA:651,56
DA:652,336
DA:653,280
DA:654,0
DA:657,280
DA:658,280
DA:659,280
DA:660,280
DA:662,0
DA:663,0
DA:666,56
DA:667,56
DA:668,56
DA:677,0
DA:678,0
DA:679,0
DA:682,0
LF:435
LH:87
end_of_record
TN:
SF:/home/taha/Documents/tsk-linux/sleuthkit/tsk/vs/mac.c
FN:180,185,mac_close
FN:192,261,tsk_vs_mac_open
FN:26,176,mac_load_table
FNDA:56,mac_close
FNDA:56,tsk_vs_mac_open
FNDA:112,mac_load_table
FNF:3
FNH:3
DA:26,112
DA:32,112
DA:33,112
DA:35,112
DA:36,0
DA:43,112
DA:44,0
DA:45,112
DA:47,112
DA:48,112
DA:54,112
DA:58,112
DA:59,112
DA:62,112
DA:63,0
DA:64,0
DA:65,0
DA:67,0
DA:69,0
DA:70,0
DA:75,112
DA:77,112
DA:78,112
DA:79,112
DA:80,112
DA:82,112
DA:83,112
DA:84,0
DA:86,112
DA:87,112
DA:91,0
DA:93,0
DA:94,0
DA:95,0
DA:96,0
DA:98,0
DA:99,0
DA:100,0
DA:103,0
DA:104,0
DA:108,0
DA:109,0
DA:110,0
DA:112,0
DA:113,0
DA:116,0
DA:118,0
DA:119,0
DA:121,0
DA:122,0
DA:124,0
DA:127,0
DA:128,0
DA:129,0
DA:130,0
DA:132,0
DA:133,0
DA:136,0
DA:137,0
DA:141,0
DA:142,0
DA:143,0
DA:146,0
DA:147,0
DA:149,0
DA:152,0
DA:153,0
DA:156,0
DA:157,0
DA:160,0
DA:161,0
DA:165,0
DA:166,0
DA:169,0
DA:170,0
DA:172,0
DA:175,0
DA:180,56
DA:182,56
DA:183,56
DA:184,56
DA:185,56
DA:192,56
DA:197,56
DA:199,56
DA:200,0
DA:201,0
DA:202,0
DA:203,0
DA:206,56
DA:207,56
DA:208,0
DA:210,56
DA:211,56
DA:212,56
DA:215,56
DA:220,56
DA:221,56
DA:222,56
DA:223,56
DA:226,56
DA:229,56
DA:232,56
DA:233,56
DA:234,56
DA:235,0
DA:237,56
DA:238,56
DA:240,0
DA:241,0
DA:242,0
DA:244,0
DA:245,0
DA:248,56
DA:249,56
DA:250,56
DA:255,0
DA:256,0
DA:257,0
DA:260,0
LF:120
LH:49
end_of_record
TN:
SF:/home/taha/Documents/tsk-linux/sleuthkit/tsk/vs/mm_io.c
FN:31,45,tsk_vs_read_block
FN:59,67,tsk_vs_part_read
FN:80,96,tsk_vs_part_read_block
FNDA:1014,tsk_vs_read_block
FNDA:0,tsk_vs_part_read
FNDA:0,tsk_vs_part_read_block
FNF:3
FNH:1
DA:31,1014
DA:34,1014
DA:35,0
DA:36,0
DA:37,0
DA:39,0
DA:42,1014
DA:43,1014
DA:59,0
DA:62,0
DA:64,0
DA:65,0
DA:80,0
DA:83,0
DA:85,0
DA:86,0
DA:87,0
DA:88,0
DA:90,0
DA:93,0
DA:94,0
DA:95,0
LF:22
LH:4
end_of_record
TN:
SF:/home/taha/Documents/tsk-linux/sleuthkit/tsk/vs/mm_open.c
FN:245,251,tsk_vs_close
FN:35,237,tsk_vs_open
FNDA:32,tsk_vs_close
FNDA:58,tsk_vs_open
FNF:2
FNH:2
DA:35,58
DA:38,58
DA:40,0
DA:41,0
DA:42,0
DA:43,0
DA:46,58
DA:47,0
DA:48,0
DA:49,0
DA:50,0
DA:60,58
DA:61,56
DA:62,56
DA:64,56
DA:65,30
DA:66,30
DA:69,26
DA:72,56
DA:76,0
DA:77,0
DA:93,56
DA:96,56
DA:98,0
DA:101,0
DA:102,0
DA:103,0
DA:107,0
DA:112,0
DA:114,0
DA:115,0
DA:116,0
DA:117,0
DA:119,0
DA:121,0
DA:122,0
DA:124,0
DA:125,0
DA:126,0
DA:127,0
DA:133,0
DA:134,0
DA:135,0
DA:136,0
DA:137,0
DA:138,0
DA:140,0
DA:143,0
DA:144,0
DA:148,56
DA:151,56
DA:152,0
DA:153,0
DA:154,0
DA:157,0
DA:158,0
DA:159,0
DA:160,0
DA:161,0
DA:163,0
DA:167,56
DA:170,56
DA:171,0
DA:172,0
DA:173,0
DA:176,0
DA:177,0
DA:178,0
DA:179,0
DA:180,0
DA:182,0
DA:186,56
DA:189,56
DA:190,26
DA:195,26
DA:196,26
DA:197,26
DA:198,0
DA:199,0
DA:201,26
DA:202,26
DA:205,0
DA:207,26
DA:210,30
DA:216,2
DA:217,2
DA:218,2
DA:219,0
DA:220,0
DA:221,0
DA:222,0
DA:223,0
DA:224,0
DA:225,0
DA:226,0
DA:227,0
DA:231,0
DA:232,0
DA:233,0
DA:234,0
DA:245,32
DA:247,32
DA:248,0
DA:250,32
LF:104
LH:33
end_of_record
TN:
SF:/home/taha/Documents/tsk-linux/sleuthkit/tsk/vs/mm_part.c
FN:124,170,tsk_vs_part_unused
FN:176,189,tsk_vs_part_free
FN:200,225,tsk_vs_part_get
FN:241,283,tsk_vs_part_walk
FN:30,114,tsk_vs_part_add
FNDA:32,tsk_vs_part_unused
FNDA:954,tsk_vs_part_free
FNDA:0,tsk_vs_part_get
FNDA:32,tsk_vs_part_walk
FNDA:178,tsk_vs_part_add
FNF:5
FNH:4
DA:30,178
DA:36,178
DA:37,178
DA:39,0
DA:43,178
DA:44,178
DA:45,178
DA:46,178
DA:47,178
DA:48,178
DA:49,178
DA:50,178
DA:51,178
DA:52,178
DA:53,178
DA:56,178
DA:57,34
DA:58,34
DA:59,34
DA:63,398
DA:64,254
DA:66,398
DA:67,0
DA:68,0
DA:69,0
DA:70,0
DA:71,0
DA:74,0
DA:75,0
DA:78,0
DA:79,0
DA:80,0
DA:81,0
DA:83,0
DA:87,398
DA:88,106
DA:89,106
DA:92,106
DA:93,106
DA:94,106
DA:98,292
DA:99,38
DA:100,38
DA:101,38
DA:102,38
DA:105,38
DA:106,38
DA:107,136
DA:108,98
DA:109,98
DA:110,38
DA:113,0
DA:124,32
DA:126,32
DA:127,32
DA:130,142
DA:133,110
DA:134,40
DA:137,70
DA:139,38
DA:140,0
DA:142,38
DA:143,38
DA:144,38
DA:146,0
DA:147,0
DA:151,70
DA:155,32
DA:157,28
DA:158,0
DA:160,28
DA:161,28
DA:162,28
DA:164,0
DA:165,0
DA:169,32
DA:176,954
DA:178,954
DA:181,1132
DA:182,178
DA:183,178
DA:184,178
DA:185,178
DA:186,178
DA:188,954
DA:189,954
DA:200,0
DA:204,0
DA:205,0
DA:206,0
DA:207,0
DA:209,0
DA:212,0
DA:213,0
DA:214,0
DA:215,0
DA:216,0
DA:219,0
DA:220,0
DA:221,0
DA:224,0
DA:241,32
DA:247,32
DA:248,0
DA:249,0
DA:250,0
DA:253,0
DA:256,32
DA:257,0
DA:258,0
DA:259,0
DA:261,0
DA:264,32
DA:265,0
DA:270,176
DA:271,176
DA:272,128
DA:273,128
DA:274,0
DA:275,0
DA:279,176
DA:280,32
DA:282,32
LF:123
LH:77
end_of_record
TN:
SF:/home/taha/Documents/tsk-linux/sleuthkit/tsk/vs/mm_types.c
FN:118,130,tsk_vs_type_toname
FN:141,151,tsk_vs_type_todesc
FN:43,55,tsk_vs_type_toid
FN:66,76,tsk_vs_type_toid_utf8
FN:84,90,tsk_vs_type_print
FN:98,106,tsk_vs_type_supported
FNDA:0,tsk_vs_type_toname
FNDA:26,tsk_vs_type_todesc
FNDA:2,tsk_vs_type_toid
FNDA:2,tsk_vs_type_toid_utf8
FNDA:0,tsk_vs_type_print
FNDA:0,tsk_vs_type_supported
FNF:6
FNH:3
DA:43,2
DA:49,8
DA:50,6
DA:52,2
DA:54,2
DA:66,2
DA:70,2
DA:71,2
DA:72,2
DA:75,0
DA:84,0
DA:87,0
DA:88,0
DA:89,0
DA:90,0
DA:98,0
DA:100,0
DA:102,0
DA:103,0
DA:105,0
DA:118,0
DA:121,0
DA:122,0
DA:123,0
DA:126,0
DA:127,0
DA:129,0
DA:141,26
DA:144,26
DA:145,26
DA:146,26
DA:150,0
LF:32
LH:13
end_of_record
TN:
SF:/home/taha/Documents/tsk-linux/sleuthkit/tsk/vs/sun.c
FN:145,208,sun_load_table_sparc
FN:220,340,sun_load_table
FN:24,70,sun_get_desc
FN:344,349,sun_close
FN:352,398,tsk_vs_sun_open
FN:78,138,sun_load_table_i386
FNDA:0,sun_load_table_sparc
FNDA:56,sun_load_table
FNDA:0,sun_get_desc
FNDA:56,sun_close
FNDA:56,tsk_vs_sun_open
FNDA:0,sun_load_table_i386
FNF:6
FNH:3
DA:24,0
DA:26,0
DA:27,0
DA:28,0
DA:29,0
DA:31,0
DA:32,0
DA:33,0
DA:34,0
DA:35,0
DA:36,0
DA:37,0
DA:38,0
DA:39,0
DA:40,0
DA:41,0
DA:42,0
DA:43,0
DA:44,0
DA:45,0
DA:46,0
DA:47,0
DA:48,0
DA:49,0
DA:50,0
DA:51,0
DA:52,0
DA:53,0
DA:54,0
DA:55,0
DA:56,0
DA:57,0
DA:58,0
DA:59,0
DA:60,0
DA:61,0
DA:62,0
DA:63,0
DA:64,0
DA:65,0
DA:66,0
DA:69,0
DA:78,0
DA:80,0
DA:82,0
DA:84,0
DA:85,0
DA:86,0
DA:88,0
DA:89,0
DA:90,0
DA:94,0
DA:95,0
DA:97,0
DA:98,0
DA:101,0
DA:103,0
DA:104,0
DA:106,0
DA:107,0
DA:110,0
DA:112,0
DA:113,0
DA:114,0
DA:116,0
DA:120,0
DA:121,0
DA:122,0
DA:123,0
DA:126,0
DA:127,0
DA:129,0
DA:131,0
DA:133,0
DA:137,0
DA:145,0
DA:147,0
DA:150,0
DA:153,0
DA:154,0
DA:156,0
DA:157,0
DA:158,0
DA:160,0
DA:161,0
DA:162,0
DA:166,0
DA:167,0
DA:168,0
DA:171,0
DA:174,0
DA:175,0
DA:179,0
DA:181,0
DA:182,0
DA:185,0
DA:186,0
DA:187,0
DA:188,0
DA:190,0
DA:194,0
DA:195,0
DA:196,0
DA:199,0
DA:201,0
DA:203,0
DA:207,0
DA:220,56
DA:226,56
DA:227,56
DA:228,56
DA:232,56
DA:233,56
DA:234,0
DA:235,0
DA:236,0
DA:238,0
DA:241,56
DA:242,0
DA:245,56
DA:246,0
DA:250,56
DA:251,56
DA:254,56
DA:255,0
DA:256,0
DA:257,0
DA:259,0
DA:261,0
DA:271,56
DA:272,56
DA:273,56
DA:274,0
DA:275,0
DA:278,0
DA:279,0
DA:281,0
DA:282,0
DA:285,0
DA:286,0
DA:294,56
DA:295,56
DA:296,0
DA:299,56
DA:300,56
DA:302,56
DA:303,0
DA:304,0
DA:305,0
DA:307,0
DA:309,0
DA:312,56
DA:313,56
DA:314,56
DA:315,56
DA:316,56
DA:317,56
DA:319,56
DA:322,0
DA:323,0
DA:324,0
DA:325,0
DA:326,0
DA:328,0
DA:331,0
DA:334,0
DA:335,0
DA:337,56
DA:338,56
DA:339,56
DA:344,56
DA:346,56
DA:347,56
DA:348,56
DA:349,56
DA:352,56
DA:357,56
DA:359,56
DA:360,0
DA:361,0
DA:362,0
DA:363,0
DA:366,56
DA:367,56
DA:368,0
DA:370,56
DA:371,56
DA:372,56
DA:374,56
DA:377,56
DA:378,56
DA:379,56
DA:380,56
DA:383,56
DA:386,56
DA:387,56
DA:388,56
DA:392,0
DA:393,0
DA:394,0
DA:397,0
LF:201
LH:51
end_of_record
